{"/home/somil.kaushik/backend-training/src/app.ts": {"path":"/home/somil.kaushik/backend-training/src/app.ts","statementMap":{"0":{"start":{"line":1,"column":0},"end":{"line":1,"column":47}},"1":{"start":{"line":2,"column":0},"end":{"line":2,"column":75}},"2":{"start":{"line":3,"column":0},"end":{"line":3,"column":45}},"3":{"start":{"line":4,"column":0},"end":{"line":4,"column":51}},"4":{"start":{"line":5,"column":0},"end":{"line":5,"column":44}},"5":{"start":{"line":6,"column":0},"end":{"line":6,"column":43}},"6":{"start":{"line":7,"column":0},"end":{"line":7,"column":45}},"7":{"start":{"line":8,"column":0},"end":{"line":8,"column":24}},"8":{"start":{"line":9,"column":0},"end":{"line":9,"column":42}},"9":{"start":{"line":12,"column":10},"end":{"line":12,"column":39}},"10":{"start":{"line":15,"column":10},"end":{"line":21,"column":4}},"11":{"start":{"line":16,"column":35},"end":{"line":16,"column":51}},"12":{"start":{"line":17,"column":4},"end":{"line":17,"column":50}},"13":{"start":{"line":18,"column":4},"end":{"line":18,"column":34}},"14":{"start":{"line":19,"column":4},"end":{"line":19,"column":77}},"15":{"start":{"line":20,"column":4},"end":{"line":20,"column":36}},"16":{"start":{"line":23,"column":10},"end":{"line":25,"column":4}},"17":{"start":{"line":24,"column":4},"end":{"line":24,"column":42}},"18":{"start":{"line":27,"column":9},"end":{"line":29,"column":4}},"19":{"start":{"line":28,"column":4},"end":{"line":28,"column":20}},"20":{"start":{"line":41,"column":9},"end":{"line":46,"column":4}},"21":{"start":{"line":41,"column":61},"end":{"line":46,"column":4}},"22":{"start":{"line":42,"column":4},"end":{"line":42,"column":38}},"23":{"start":{"line":43,"column":4},"end":{"line":45,"column":7}},"24":{"start":{"line":44,"column":6},"end":{"line":44,"column":55}},"25":{"start":{"line":33,"column":4},"end":{"line":33,"column":39}},"26":{"start":{"line":34,"column":4},"end":{"line":34,"column":25}},"27":{"start":{"line":35,"column":4},"end":{"line":35,"column":33}},"28":{"start":{"line":36,"column":4},"end":{"line":36,"column":57}},"29":{"start":{"line":37,"column":4},"end":{"line":37,"column":21}},"30":{"start":{"line":38,"column":4},"end":{"line":38,"column":27}},"31":{"start":{"line":49,"column":0},"end":{"line":49,"column":25}}},"fnMap":{"0":{"name":"(anonymous_8)","decl":{"start":{"line":32,"column":2},"end":{"line":32,"column":null}},"loc":{"start":{"line":32,"column":2},"end":{"line":39,"column":3}}},"1":{"name":"(anonymous_9)","decl":{"start":{"line":15,"column":22},"end":{"line":15,"column":31}},"loc":{"start":{"line":15,"column":33},"end":{"line":21,"column":3}}},"2":{"name":"(anonymous_10)","decl":{"start":{"line":23,"column":28},"end":{"line":23,"column":37}},"loc":{"start":{"line":23,"column":39},"end":{"line":25,"column":3}}},"3":{"name":"(anonymous_11)","decl":{"start":{"line":27,"column":18},"end":{"line":27,"column":34}},"loc":{"start":{"line":27,"column":36},"end":{"line":29,"column":3}}},"4":{"name":"(anonymous_12)","decl":{"start":{"line":41,"column":23},"end":{"line":41,"column":30}},"loc":{"start":{"line":41,"column":61},"end":{"line":46,"column":4}}},"5":{"name":"(anonymous_13)","decl":{"start":{"line":41,"column":61},"end":{"line":41,"column":null}},"loc":{"start":{"line":41,"column":61},"end":{"line":46,"column":3}}},"6":{"name":"(anonymous_14)","decl":{"start":{"line":43,"column":26},"end":{"line":43,"column":29}},"loc":{"start":{"line":43,"column":31},"end":{"line":45,"column":5}}}},"branchMap":{},"s":{"0":4,"1":4,"2":4,"3":4,"4":4,"5":4,"6":4,"7":4,"8":4,"9":4,"10":4,"11":4,"12":4,"13":4,"14":4,"15":4,"16":4,"17":4,"18":4,"19":4,"20":4,"21":1,"22":1,"23":1,"24":1,"25":4,"26":4,"27":4,"28":4,"29":4,"30":4,"31":4},"f":{"0":4,"1":4,"2":4,"3":4,"4":1,"5":1,"6":1},"b":{}}
,"/home/somil.kaushik/backend-training/src/swaggerConfig.ts": {"path":"/home/somil.kaushik/backend-training/src/swaggerConfig.ts","statementMap":{"0":{"start":{"line":1,"column":21},"end":{"line":1,"column":45}},"1":{"start":{"line":3,"column":21},"end":{"line":19,"column":2}},"2":{"start":{"line":21,"column":25},"end":{"line":21,"column":46}},"3":{"start":{"line":23,"column":0},"end":{"line":23,"column":27}}},"fnMap":{},"branchMap":{},"s":{"0":4,"1":4,"2":4,"3":4},"f":{},"b":{}}
,"/home/somil.kaushik/backend-training/src/Modules/Blogs/Controller.ts": {"path":"/home/somil.kaushik/backend-training/src/Modules/Blogs/Controller.ts","statementMap":{"0":{"start":{"line":2,"column":0},"end":{"line":2,"column":32}},"1":{"start":{"line":3,"column":0},"end":{"line":3,"column":62}},"2":{"start":{"line":4,"column":0},"end":{"line":4,"column":20}},"3":{"start":{"line":7,"column":0},"end":{"line":7,"column":56}},"4":{"start":{"line":8,"column":0},"end":{"line":8,"column":60}},"5":{"start":{"line":9,"column":0},"end":{"line":9,"column":36}},"6":{"start":{"line":10,"column":0},"end":{"line":10,"column":29}},"7":{"start":{"line":11,"column":0},"end":{"line":11,"column":41}},"8":{"start":{"line":12,"column":0},"end":{"line":12,"column":46}},"9":{"start":{"line":13,"column":0},"end":{"line":13,"column":42}},"10":{"start":{"line":18,"column":10},"end":{"line":18,"column":34}},"11":{"start":{"line":20,"column":9},"end":{"line":39,"column":4}},"12":{"start":{"line":20,"column":71},"end":{"line":39,"column":4}},"13":{"start":{"line":21,"column":28},"end":{"line":21,"column":37}},"14":{"start":{"line":22,"column":31},"end":{"line":22,"column":73}},"15":{"start":{"line":23,"column":32},"end":{"line":23,"column":72}},"16":{"start":{"line":24,"column":23},"end":{"line":24,"column":53}},"17":{"start":{"line":26,"column":17},"end":{"line":26,"column":61}},"18":{"start":{"line":27,"column":4},"end":{"line":38,"column":5}},"19":{"start":{"line":28,"column":6},"end":{"line":35,"column":8}},"20":{"start":{"line":37,"column":6},"end":{"line":37,"column":56}},"21":{"start":{"line":41,"column":9},"end":{"line":58,"column":4}},"22":{"start":{"line":41,"column":71},"end":{"line":58,"column":4}},"23":{"start":{"line":42,"column":4},"end":{"line":57,"column":5}},"24":{"start":{"line":43,"column":19},"end":{"line":43,"column":27}},"25":{"start":{"line":44,"column":23},"end":{"line":44,"column":54}},"26":{"start":{"line":45,"column":6},"end":{"line":54,"column":7}},"27":{"start":{"line":46,"column":8},"end":{"line":53,"column":10}},"28":{"start":{"line":56,"column":6},"end":{"line":56,"column":43}},"29":{"start":{"line":60,"column":9},"end":{"line":82,"column":4}},"30":{"start":{"line":60,"column":57},"end":{"line":82,"column":4}},"31":{"start":{"line":61,"column":4},"end":{"line":81,"column":5}},"32":{"start":{"line":62,"column":21},"end":{"line":62,"column":31}},"33":{"start":{"line":63,"column":19},"end":{"line":63,"column":49}},"34":{"start":{"line":64,"column":6},"end":{"line":71,"column":8}},"35":{"start":{"line":73,"column":6},"end":{"line":80,"column":8}},"36":{"start":{"line":84,"column":9},"end":{"line":113,"column":4}},"37":{"start":{"line":84,"column":63},"end":{"line":113,"column":4}},"38":{"start":{"line":85,"column":4},"end":{"line":112,"column":5}},"39":{"start":{"line":86,"column":30},"end":{"line":86,"column":39}},"40":{"start":{"line":87,"column":33},"end":{"line":87,"column":75}},"41":{"start":{"line":88,"column":34},"end":{"line":88,"column":74}},"42":{"start":{"line":89,"column":25},"end":{"line":89,"column":55}},"43":{"start":{"line":91,"column":29},"end":{"line":91,"column":39}},"44":{"start":{"line":93,"column":19},"end":{"line":96,"column":null}},"45":{"start":{"line":98,"column":6},"end":{"line":109,"column":7}},"46":{"start":{"line":99,"column":8},"end":{"line":106,"column":10}},"47":{"start":{"line":108,"column":8},"end":{"line":108,"column":41}},"48":{"start":{"line":111,"column":6},"end":{"line":111,"column":79}},"49":{"start":{"line":115,"column":9},"end":{"line":126,"column":4}},"50":{"start":{"line":115,"column":63},"end":{"line":126,"column":4}},"51":{"start":{"line":116,"column":22},"end":{"line":116,"column":32}},"52":{"start":{"line":117,"column":20},"end":{"line":117,"column":28}},"53":{"start":{"line":118,"column":16},"end":{"line":118,"column":64}},"54":{"start":{"line":119,"column":4},"end":{"line":125,"column":5}},"55":{"start":{"line":120,"column":6},"end":{"line":122,"column":8}},"56":{"start":{"line":124,"column":6},"end":{"line":124,"column":43}},"57":{"start":{"line":127,"column":9},"end":{"line":151,"column":4}},"58":{"start":{"line":127,"column":56},"end":{"line":151,"column":4}},"59":{"start":{"line":128,"column":4},"end":{"line":150,"column":5}},"60":{"start":{"line":129,"column":30},"end":{"line":129,"column":39}},"61":{"start":{"line":130,"column":33},"end":{"line":130,"column":75}},"62":{"start":{"line":131,"column":34},"end":{"line":131,"column":74}},"63":{"start":{"line":132,"column":25},"end":{"line":132,"column":55}},"64":{"start":{"line":134,"column":24},"end":{"line":134,"column":34}},"65":{"start":{"line":135,"column":19},"end":{"line":135,"column":70}},"66":{"start":{"line":136,"column":6},"end":{"line":147,"column":7}},"67":{"start":{"line":137,"column":8},"end":{"line":144,"column":10}},"68":{"start":{"line":146,"column":8},"end":{"line":146,"column":64}},"69":{"start":{"line":149,"column":6},"end":{"line":149,"column":20}},"70":{"start":{"line":153,"column":9},"end":{"line":163,"column":4}},"71":{"start":{"line":153,"column":56},"end":{"line":163,"column":4}},"72":{"start":{"line":154,"column":19},"end":{"line":154,"column":29}},"73":{"start":{"line":155,"column":16},"end":{"line":155,"column":45}},"74":{"start":{"line":156,"column":4},"end":{"line":162,"column":5}},"75":{"start":{"line":157,"column":6},"end":{"line":159,"column":8}},"76":{"start":{"line":161,"column":6},"end":{"line":161,"column":43}},"77":{"start":{"line":165,"column":9},"end":{"line":176,"column":4}},"78":{"start":{"line":165,"column":56},"end":{"line":176,"column":4}},"79":{"start":{"line":166,"column":19},"end":{"line":166,"column":29}},"80":{"start":{"line":167,"column":20},"end":{"line":167,"column":28}},"81":{"start":{"line":168,"column":16},"end":{"line":168,"column":54}},"82":{"start":{"line":169,"column":4},"end":{"line":175,"column":5}},"83":{"start":{"line":170,"column":6},"end":{"line":172,"column":8}},"84":{"start":{"line":174,"column":6},"end":{"line":174,"column":43}},"85":{"start":{"line":178,"column":9},"end":{"line":304,"column":4}},"86":{"start":{"line":178,"column":60},"end":{"line":304,"column":4}},"87":{"start":{"line":179,"column":4},"end":{"line":303,"column":5}},"88":{"start":{"line":180,"column":55},"end":{"line":180,"column":63}},"89":{"start":{"line":182,"column":33},"end":{"line":182,"column":41}},"90":{"start":{"line":183,"column":24},"end":{"line":183,"column":34}},"91":{"start":{"line":184,"column":24},"end":{"line":184,"column":28}},"92":{"start":{"line":185,"column":32},"end":{"line":185,"column":33}},"93":{"start":{"line":186,"column":23},"end":{"line":186,"column":24}},"94":{"start":{"line":187,"column":29},"end":{"line":187,"column":31}},"95":{"start":{"line":188,"column":36},"end":{"line":188,"column":38}},"96":{"start":{"line":191,"column":23},"end":{"line":191,"column":25}},"97":{"start":{"line":193,"column":8},"end":{"line":204,"column":9}},"98":{"start":{"line":194,"column":23},"end":{"line":194,"column":37}},"99":{"start":{"line":196,"column":32},"end":{"line":196,"column":38}},"100":{"start":{"line":198,"column":10},"end":{"line":201,"column":11}},"101":{"start":{"line":198,"column":23},"end":{"line":198,"column":24}},"102":{"start":{"line":199,"column":12},"end":{"line":199,"column":60}},"103":{"start":{"line":200,"column":12},"end":{"line":200,"column":45}},"104":{"start":{"line":203,"column":10},"end":{"line":203,"column":55}},"105":{"start":{"line":206,"column":8},"end":{"line":206,"column":22}},"106":{"start":{"line":209,"column":6},"end":{"line":211,"column":7}},"107":{"start":{"line":210,"column":8},"end":{"line":210,"column":44}},"108":{"start":{"line":213,"column":23},"end":{"line":213,"column":35}},"109":{"start":{"line":214,"column":25},"end":{"line":214,"column":54}},"110":{"start":{"line":216,"column":34},"end":{"line":239,"column":8}},"111":{"start":{"line":216,"column":45},"end":{"line":239,"column":8}},"112":{"start":{"line":217,"column":8},"end":{"line":220,"column":9}},"113":{"start":{"line":218,"column":10},"end":{"line":218,"column":80}},"114":{"start":{"line":219,"column":10},"end":{"line":219,"column":32}},"115":{"start":{"line":222,"column":8},"end":{"line":225,"column":9}},"116":{"start":{"line":223,"column":10},"end":{"line":223,"column":63}},"117":{"start":{"line":224,"column":10},"end":{"line":224,"column":25}},"118":{"start":{"line":227,"column":24},"end":{"line":227,"column":34}},"119":{"start":{"line":228,"column":46},"end":{"line":233,"column":10}},"120":{"start":{"line":235,"column":8},"end":{"line":238,"column":10}},"121":{"start":{"line":241,"column":6},"end":{"line":300,"column":9}},"122":{"start":{"line":246,"column":39},"end":{"line":291,"column":null}},"123":{"start":{"line":247,"column":26},"end":{"line":247,"column":37}},"124":{"start":{"line":248,"column":36},"end":{"line":248,"column":61}},"125":{"start":{"line":249,"column":10},"end":{"line":249,"column":35}},"126":{"start":{"line":251,"column":28},"end":{"line":253,"column":12}},"127":{"start":{"line":255,"column":10},"end":{"line":290,"column":11}},"128":{"start":{"line":256,"column":12},"end":{"line":256,"column":28}},"129":{"start":{"line":257,"column":48},"end":{"line":261,"column":14}},"130":{"start":{"line":263,"column":12},"end":{"line":267,"column":15}},"131":{"start":{"line":269,"column":12},"end":{"line":276,"column":13}},"132":{"start":{"line":270,"column":14},"end":{"line":270,"column":29}},"133":{"start":{"line":271,"column":14},"end":{"line":273,"column":17}},"134":{"start":{"line":274,"column":14},"end":{"line":274,"column":36}},"135":{"start":{"line":275,"column":14},"end":{"line":275,"column":30}},"136":{"start":{"line":278,"column":12},"end":{"line":282,"column":15}},"137":{"start":{"line":284,"column":12},"end":{"line":289,"column":13}},"138":{"start":{"line":285,"column":14},"end":{"line":285,"column":29}},"139":{"start":{"line":286,"column":14},"end":{"line":286,"column":67}},"140":{"start":{"line":287,"column":14},"end":{"line":287,"column":29}},"141":{"start":{"line":288,"column":14},"end":{"line":288,"column":30}},"142":{"start":{"line":292,"column":29},"end":{"line":295,"column":null}},"143":{"start":{"line":293,"column":10},"end":{"line":293,"column":38}},"144":{"start":{"line":294,"column":10},"end":{"line":294,"column":43}},"145":{"start":{"line":296,"column":29},"end":{"line":299,"column":null}},"146":{"start":{"line":297,"column":10},"end":{"line":297,"column":38}},"147":{"start":{"line":298,"column":10},"end":{"line":298,"column":67}},"148":{"start":{"line":302,"column":6},"end":{"line":302,"column":70}},"149":{"start":{"line":306,"column":9},"end":{"line":332,"column":4}},"150":{"start":{"line":310,"column":21},"end":{"line":332,"column":4}},"151":{"start":{"line":311,"column":28},"end":{"line":311,"column":37}},"152":{"start":{"line":312,"column":31},"end":{"line":312,"column":73}},"153":{"start":{"line":313,"column":32},"end":{"line":313,"column":72}},"154":{"start":{"line":314,"column":23},"end":{"line":314,"column":53}},"155":{"start":{"line":315,"column":4},"end":{"line":331,"column":5}},"156":{"start":{"line":316,"column":19},"end":{"line":316,"column":74}},"157":{"start":{"line":317,"column":6},"end":{"line":328,"column":7}},"158":{"start":{"line":318,"column":8},"end":{"line":325,"column":10}},"159":{"start":{"line":327,"column":8},"end":{"line":327,"column":52}},"160":{"start":{"line":330,"column":6},"end":{"line":330,"column":43}},"161":{"start":{"line":334,"column":9},"end":{"line":359,"column":4}},"162":{"start":{"line":337,"column":21},"end":{"line":359,"column":4}},"163":{"start":{"line":338,"column":28},"end":{"line":338,"column":37}},"164":{"start":{"line":339,"column":31},"end":{"line":339,"column":73}},"165":{"start":{"line":340,"column":32},"end":{"line":340,"column":72}},"166":{"start":{"line":341,"column":23},"end":{"line":341,"column":53}},"167":{"start":{"line":342,"column":4},"end":{"line":358,"column":5}},"168":{"start":{"line":343,"column":19},"end":{"line":343,"column":75}},"169":{"start":{"line":344,"column":6},"end":{"line":355,"column":7}},"170":{"start":{"line":345,"column":8},"end":{"line":352,"column":10}},"171":{"start":{"line":354,"column":8},"end":{"line":354,"column":41}},"172":{"start":{"line":357,"column":6},"end":{"line":357,"column":43}},"173":{"start":{"line":361,"column":9},"end":{"line":368,"column":4}},"174":{"start":{"line":364,"column":21},"end":{"line":368,"column":4}},"175":{"start":{"line":365,"column":4},"end":{"line":365,"column":41}},"176":{"start":{"line":367,"column":4},"end":{"line":367,"column":66}},"177":{"start":{"line":370,"column":0},"end":{"line":370,"column":26}}},"fnMap":{"0":{"name":"(anonymous_8)","decl":{"start":{"line":17,"column":0},"end":{"line":17,"column":6}},"loc":{"start":{"line":17,"column":0},"end":{"line":369,"column":1}}},"1":{"name":"(anonymous_9)","decl":{"start":{"line":20,"column":18},"end":{"line":20,"column":25}},"loc":{"start":{"line":20,"column":71},"end":{"line":39,"column":4}}},"2":{"name":"(anonymous_10)","decl":{"start":{"line":20,"column":71},"end":{"line":20,"column":null}},"loc":{"start":{"line":20,"column":71},"end":{"line":39,"column":3}}},"3":{"name":"(anonymous_11)","decl":{"start":{"line":41,"column":18},"end":{"line":41,"column":25}},"loc":{"start":{"line":41,"column":71},"end":{"line":58,"column":4}}},"4":{"name":"(anonymous_12)","decl":{"start":{"line":41,"column":71},"end":{"line":41,"column":null}},"loc":{"start":{"line":41,"column":71},"end":{"line":58,"column":3}}},"5":{"name":"(anonymous_13)","decl":{"start":{"line":60,"column":19},"end":{"line":60,"column":26}},"loc":{"start":{"line":60,"column":57},"end":{"line":82,"column":4}}},"6":{"name":"(anonymous_14)","decl":{"start":{"line":60,"column":57},"end":{"line":60,"column":null}},"loc":{"start":{"line":60,"column":57},"end":{"line":82,"column":3}}},"7":{"name":"(anonymous_15)","decl":{"start":{"line":84,"column":25},"end":{"line":84,"column":32}},"loc":{"start":{"line":84,"column":63},"end":{"line":113,"column":4}}},"8":{"name":"(anonymous_16)","decl":{"start":{"line":84,"column":63},"end":{"line":84,"column":null}},"loc":{"start":{"line":84,"column":63},"end":{"line":113,"column":3}}},"9":{"name":"(anonymous_17)","decl":{"start":{"line":115,"column":25},"end":{"line":115,"column":32}},"loc":{"start":{"line":115,"column":63},"end":{"line":126,"column":4}}},"10":{"name":"(anonymous_18)","decl":{"start":{"line":115,"column":63},"end":{"line":115,"column":null}},"loc":{"start":{"line":115,"column":63},"end":{"line":126,"column":3}}},"11":{"name":"(anonymous_19)","decl":{"start":{"line":127,"column":18},"end":{"line":127,"column":25}},"loc":{"start":{"line":127,"column":56},"end":{"line":151,"column":4}}},"12":{"name":"(anonymous_20)","decl":{"start":{"line":127,"column":56},"end":{"line":127,"column":null}},"loc":{"start":{"line":127,"column":56},"end":{"line":151,"column":3}}},"13":{"name":"(anonymous_21)","decl":{"start":{"line":153,"column":18},"end":{"line":153,"column":25}},"loc":{"start":{"line":153,"column":56},"end":{"line":163,"column":4}}},"14":{"name":"(anonymous_22)","decl":{"start":{"line":153,"column":56},"end":{"line":153,"column":null}},"loc":{"start":{"line":153,"column":56},"end":{"line":163,"column":3}}},"15":{"name":"(anonymous_23)","decl":{"start":{"line":165,"column":18},"end":{"line":165,"column":25}},"loc":{"start":{"line":165,"column":56},"end":{"line":176,"column":4}}},"16":{"name":"(anonymous_24)","decl":{"start":{"line":165,"column":56},"end":{"line":165,"column":null}},"loc":{"start":{"line":165,"column":56},"end":{"line":176,"column":3}}},"17":{"name":"(anonymous_25)","decl":{"start":{"line":178,"column":22},"end":{"line":178,"column":29}},"loc":{"start":{"line":178,"column":60},"end":{"line":304,"column":4}}},"18":{"name":"(anonymous_26)","decl":{"start":{"line":178,"column":60},"end":{"line":178,"column":null}},"loc":{"start":{"line":178,"column":60},"end":{"line":304,"column":3}}},"19":{"name":"transformRowData","decl":{"start":{"line":190,"column":15},"end":{"line":190,"column":31}},"loc":{"start":{"line":190,"column":40},"end":{"line":207,"column":7}}},"20":{"name":"(anonymous_28)","decl":{"start":{"line":216,"column":34},"end":{"line":216,"column":43}},"loc":{"start":{"line":216,"column":45},"end":{"line":239,"column":8}}},"21":{"name":"(anonymous_29)","decl":{"start":{"line":216,"column":45},"end":{"line":216,"column":null}},"loc":{"start":{"line":216,"column":45},"end":{"line":239,"column":7}}},"22":{"name":"(anonymous_30)","decl":{"start":{"line":246,"column":14},"end":{"line":246,"column":21}},"loc":{"start":{"line":246,"column":39},"end":{"line":291,"column":null}}},"23":{"name":"(anonymous_31)","decl":{"start":{"line":246,"column":39},"end":{"line":246,"column":null}},"loc":{"start":{"line":246,"column":39},"end":{"line":291,"column":9}}},"24":{"name":"(anonymous_32)","decl":{"start":{"line":292,"column":18},"end":{"line":292,"column":27}},"loc":{"start":{"line":292,"column":29},"end":{"line":295,"column":null}}},"25":{"name":"(anonymous_33)","decl":{"start":{"line":292,"column":29},"end":{"line":292,"column":null}},"loc":{"start":{"line":292,"column":29},"end":{"line":295,"column":9}}},"26":{"name":"(anonymous_34)","decl":{"start":{"line":296,"column":15},"end":{"line":296,"column":22}},"loc":{"start":{"line":296,"column":29},"end":{"line":299,"column":null}}},"27":{"name":"(anonymous_35)","decl":{"start":{"line":296,"column":29},"end":{"line":296,"column":null}},"loc":{"start":{"line":296,"column":29},"end":{"line":299,"column":9}}},"28":{"name":"(anonymous_36)","decl":{"start":{"line":306,"column":29},"end":{"line":306,"column":null}},"loc":{"start":{"line":310,"column":21},"end":{"line":332,"column":4}}},"29":{"name":"(anonymous_37)","decl":{"start":{"line":310,"column":21},"end":{"line":310,"column":null}},"loc":{"start":{"line":310,"column":21},"end":{"line":332,"column":3}}},"30":{"name":"(anonymous_38)","decl":{"start":{"line":334,"column":37},"end":{"line":334,"column":null}},"loc":{"start":{"line":337,"column":21},"end":{"line":359,"column":4}}},"31":{"name":"(anonymous_39)","decl":{"start":{"line":337,"column":21},"end":{"line":337,"column":null}},"loc":{"start":{"line":337,"column":21},"end":{"line":359,"column":3}}},"32":{"name":"(anonymous_40)","decl":{"start":{"line":361,"column":34},"end":{"line":361,"column":null}},"loc":{"start":{"line":364,"column":21},"end":{"line":368,"column":4}}},"33":{"name":"(anonymous_41)","decl":{"start":{"line":364,"column":21},"end":{"line":364,"column":null}},"loc":{"start":{"line":364,"column":21},"end":{"line":368,"column":3}}}},"branchMap":{"0":{"loc":{"start":{"line":22,"column":31},"end":{"line":22,"column":73}},"type":"cond-expr","locations":[{"start":{"line":22,"column":38},"end":{"line":22,"column":69}},{"start":{"line":22,"column":72},"end":{"line":22,"column":73}}]},"1":{"loc":{"start":{"line":22,"column":38},"end":{"line":22,"column":69}},"type":"binary-expr","locations":[{"start":{"line":22,"column":38},"end":{"line":22,"column":64}},{"start":{"line":22,"column":68},"end":{"line":22,"column":69}}]},"2":{"loc":{"start":{"line":23,"column":32},"end":{"line":23,"column":72}},"type":"cond-expr","locations":[{"start":{"line":23,"column":40},"end":{"line":23,"column":67}},{"start":{"line":23,"column":70},"end":{"line":23,"column":72}}]},"3":{"loc":{"start":{"line":27,"column":4},"end":{"line":38,"column":5}},"type":"if","locations":[{"start":{"line":27,"column":4},"end":{"line":38,"column":5}},{"start":{"line":36,"column":11},"end":{"line":38,"column":5}}]},"4":{"loc":{"start":{"line":45,"column":6},"end":{"line":54,"column":7}},"type":"if","locations":[{"start":{"line":45,"column":6},"end":{"line":54,"column":7}}]},"5":{"loc":{"start":{"line":87,"column":33},"end":{"line":87,"column":75}},"type":"cond-expr","locations":[{"start":{"line":87,"column":40},"end":{"line":87,"column":71}},{"start":{"line":87,"column":74},"end":{"line":87,"column":75}}]},"6":{"loc":{"start":{"line":87,"column":40},"end":{"line":87,"column":71}},"type":"binary-expr","locations":[{"start":{"line":87,"column":40},"end":{"line":87,"column":66}},{"start":{"line":87,"column":70},"end":{"line":87,"column":71}}]},"7":{"loc":{"start":{"line":88,"column":34},"end":{"line":88,"column":74}},"type":"cond-expr","locations":[{"start":{"line":88,"column":42},"end":{"line":88,"column":69}},{"start":{"line":88,"column":72},"end":{"line":88,"column":74}}]},"8":{"loc":{"start":{"line":98,"column":6},"end":{"line":109,"column":7}},"type":"if","locations":[{"start":{"line":98,"column":6},"end":{"line":109,"column":7}},{"start":{"line":107,"column":13},"end":{"line":109,"column":7}}]},"9":{"loc":{"start":{"line":119,"column":4},"end":{"line":125,"column":5}},"type":"if","locations":[{"start":{"line":119,"column":4},"end":{"line":125,"column":5}},{"start":{"line":123,"column":11},"end":{"line":125,"column":5}}]},"10":{"loc":{"start":{"line":130,"column":33},"end":{"line":130,"column":75}},"type":"cond-expr","locations":[{"start":{"line":130,"column":40},"end":{"line":130,"column":71}},{"start":{"line":130,"column":74},"end":{"line":130,"column":75}}]},"11":{"loc":{"start":{"line":130,"column":40},"end":{"line":130,"column":71}},"type":"binary-expr","locations":[{"start":{"line":130,"column":40},"end":{"line":130,"column":66}},{"start":{"line":130,"column":70},"end":{"line":130,"column":71}}]},"12":{"loc":{"start":{"line":131,"column":34},"end":{"line":131,"column":74}},"type":"cond-expr","locations":[{"start":{"line":131,"column":42},"end":{"line":131,"column":69}},{"start":{"line":131,"column":72},"end":{"line":131,"column":74}}]},"13":{"loc":{"start":{"line":136,"column":6},"end":{"line":147,"column":7}},"type":"if","locations":[{"start":{"line":136,"column":6},"end":{"line":147,"column":7}},{"start":{"line":145,"column":13},"end":{"line":147,"column":7}}]},"14":{"loc":{"start":{"line":156,"column":4},"end":{"line":162,"column":5}},"type":"if","locations":[{"start":{"line":156,"column":4},"end":{"line":162,"column":5}},{"start":{"line":160,"column":11},"end":{"line":162,"column":5}}]},"15":{"loc":{"start":{"line":169,"column":4},"end":{"line":175,"column":5}},"type":"if","locations":[{"start":{"line":169,"column":4},"end":{"line":175,"column":5}},{"start":{"line":173,"column":11},"end":{"line":175,"column":5}}]},"16":{"loc":{"start":{"line":199,"column":34},"end":{"line":199,"column":59}},"type":"binary-expr","locations":[{"start":{"line":199,"column":34},"end":{"line":199,"column":53}},{"start":{"line":199,"column":57},"end":{"line":199,"column":59}}]},"17":{"loc":{"start":{"line":209,"column":6},"end":{"line":211,"column":7}},"type":"if","locations":[{"start":{"line":209,"column":6},"end":{"line":211,"column":7}}]},"18":{"loc":{"start":{"line":217,"column":8},"end":{"line":220,"column":9}},"type":"if","locations":[{"start":{"line":217,"column":8},"end":{"line":220,"column":9}}]},"19":{"loc":{"start":{"line":222,"column":8},"end":{"line":225,"column":9}},"type":"if","locations":[{"start":{"line":222,"column":8},"end":{"line":225,"column":9}}]},"20":{"loc":{"start":{"line":255,"column":10},"end":{"line":290,"column":11}},"type":"if","locations":[{"start":{"line":255,"column":10},"end":{"line":290,"column":11}},{"start":{"line":277,"column":17},"end":{"line":290,"column":11}}]},"21":{"loc":{"start":{"line":269,"column":12},"end":{"line":276,"column":13}},"type":"if","locations":[{"start":{"line":269,"column":12},"end":{"line":276,"column":13}}]},"22":{"loc":{"start":{"line":284,"column":12},"end":{"line":289,"column":13}},"type":"if","locations":[{"start":{"line":284,"column":12},"end":{"line":289,"column":13}}]},"23":{"loc":{"start":{"line":312,"column":31},"end":{"line":312,"column":73}},"type":"cond-expr","locations":[{"start":{"line":312,"column":38},"end":{"line":312,"column":69}},{"start":{"line":312,"column":72},"end":{"line":312,"column":73}}]},"24":{"loc":{"start":{"line":312,"column":38},"end":{"line":312,"column":69}},"type":"binary-expr","locations":[{"start":{"line":312,"column":38},"end":{"line":312,"column":64}},{"start":{"line":312,"column":68},"end":{"line":312,"column":69}}]},"25":{"loc":{"start":{"line":313,"column":32},"end":{"line":313,"column":72}},"type":"cond-expr","locations":[{"start":{"line":313,"column":40},"end":{"line":313,"column":67}},{"start":{"line":313,"column":70},"end":{"line":313,"column":72}}]},"26":{"loc":{"start":{"line":317,"column":6},"end":{"line":328,"column":7}},"type":"if","locations":[{"start":{"line":317,"column":6},"end":{"line":328,"column":7}},{"start":{"line":326,"column":13},"end":{"line":328,"column":7}}]},"27":{"loc":{"start":{"line":339,"column":31},"end":{"line":339,"column":73}},"type":"cond-expr","locations":[{"start":{"line":339,"column":38},"end":{"line":339,"column":69}},{"start":{"line":339,"column":72},"end":{"line":339,"column":73}}]},"28":{"loc":{"start":{"line":339,"column":38},"end":{"line":339,"column":69}},"type":"binary-expr","locations":[{"start":{"line":339,"column":38},"end":{"line":339,"column":64}},{"start":{"line":339,"column":68},"end":{"line":339,"column":69}}]},"29":{"loc":{"start":{"line":340,"column":32},"end":{"line":340,"column":72}},"type":"cond-expr","locations":[{"start":{"line":340,"column":40},"end":{"line":340,"column":67}},{"start":{"line":340,"column":70},"end":{"line":340,"column":72}}]},"30":{"loc":{"start":{"line":344,"column":6},"end":{"line":355,"column":7}},"type":"if","locations":[{"start":{"line":344,"column":6},"end":{"line":355,"column":7}},{"start":{"line":353,"column":13},"end":{"line":355,"column":7}}]}},"s":{"0":4,"1":4,"2":4,"3":4,"4":4,"5":4,"6":4,"7":4,"8":4,"9":4,"10":4,"11":4,"12":1,"13":1,"14":1,"15":1,"16":1,"17":1,"18":1,"19":1,"20":0,"21":4,"22":2,"23":2,"24":2,"25":2,"26":1,"27":1,"28":1,"29":4,"30":2,"31":2,"32":2,"33":2,"34":1,"35":1,"36":4,"37":2,"38":2,"39":2,"40":2,"41":2,"42":2,"43":2,"44":2,"45":1,"46":1,"47":0,"48":1,"49":4,"50":1,"51":1,"52":1,"53":1,"54":1,"55":1,"56":0,"57":4,"58":2,"59":2,"60":2,"61":2,"62":2,"63":2,"64":2,"65":2,"66":1,"67":1,"68":0,"69":1,"70":4,"71":1,"72":1,"73":1,"74":1,"75":1,"76":0,"77":4,"78":1,"79":1,"80":1,"81":1,"82":1,"83":1,"84":0,"85":4,"86":1,"87":1,"88":1,"89":1,"90":1,"91":1,"92":1,"93":1,"94":1,"95":1,"96":100,"97":100,"98":1400,"99":1400,"100":1400,"101":1400,"102":700,"103":700,"104":1400,"105":100,"106":1,"107":0,"108":1,"109":1,"110":1,"111":1,"112":1,"113":1,"114":1,"115":1,"116":1,"117":1,"118":1,"119":1,"120":1,"121":1,"122":100,"123":100,"124":100,"125":100,"126":100,"127":100,"128":2,"129":2,"130":2,"131":2,"132":0,"133":0,"134":0,"135":0,"136":98,"137":98,"138":0,"139":0,"140":0,"141":0,"142":1,"143":1,"144":1,"145":0,"146":0,"147":0,"148":0,"149":4,"150":2,"151":2,"152":2,"153":2,"154":2,"155":2,"156":2,"157":1,"158":1,"159":0,"160":1,"161":4,"162":2,"163":2,"164":2,"165":2,"166":2,"167":2,"168":2,"169":1,"170":1,"171":0,"172":1,"173":4,"174":1,"175":1,"176":1,"177":4},"f":{"0":4,"1":1,"2":1,"3":2,"4":2,"5":2,"6":2,"7":2,"8":2,"9":1,"10":1,"11":2,"12":2,"13":1,"14":1,"15":1,"16":1,"17":1,"18":1,"19":100,"20":1,"21":1,"22":100,"23":100,"24":1,"25":1,"26":0,"27":0,"28":2,"29":2,"30":2,"31":2,"32":1,"33":1},"b":{"0":[1,0],"1":[1,0],"2":[1,0],"3":[1,0],"4":[1],"5":[2,0],"6":[2,0],"7":[2,0],"8":[1,0],"9":[1,0],"10":[2,0],"11":[2,0],"12":[2,0],"13":[1,0],"14":[1,0],"15":[1,0],"16":[700,200],"17":[0],"18":[1],"19":[1],"20":[2,98],"21":[0],"22":[0],"23":[0,2],"24":[0,0],"25":[0,2],"26":[1,0],"27":[0,2],"28":[0,0],"29":[0,2],"30":[1,0]}}
,"/home/somil.kaushik/backend-training/src/Modules/Blogs/Service.ts": {"path":"/home/somil.kaushik/backend-training/src/Modules/Blogs/Service.ts","statementMap":{"0":{"start":{"line":2,"column":0},"end":{"line":2,"column":45}},"1":{"start":{"line":9,"column":9},"end":{"line":11,"column":4}},"2":{"start":{"line":9,"column":56},"end":{"line":11,"column":4}},"3":{"start":{"line":10,"column":4},"end":{"line":10,"column":48}},"4":{"start":{"line":12,"column":9},"end":{"line":14,"column":4}},"5":{"start":{"line":12,"column":41},"end":{"line":14,"column":4}},"6":{"start":{"line":13,"column":4},"end":{"line":13,"column":41}},"7":{"start":{"line":15,"column":9},"end":{"line":17,"column":4}},"8":{"start":{"line":15,"column":40},"end":{"line":17,"column":4}},"9":{"start":{"line":16,"column":4},"end":{"line":16,"column":40}},"10":{"start":{"line":19,"column":9},"end":{"line":25,"column":4}},"11":{"start":{"line":23,"column":6},"end":{"line":25,"column":4}},"12":{"start":{"line":24,"column":4},"end":{"line":24,"column":67}},"13":{"start":{"line":26,"column":9},"end":{"line":28,"column":4}},"14":{"start":{"line":26,"column":66},"end":{"line":28,"column":4}},"15":{"start":{"line":27,"column":4},"end":{"line":27,"column":58}},"16":{"start":{"line":30,"column":9},"end":{"line":32,"column":4}},"17":{"start":{"line":30,"column":71},"end":{"line":32,"column":4}},"18":{"start":{"line":31,"column":4},"end":{"line":31,"column":55}},"19":{"start":{"line":34,"column":9},"end":{"line":36,"column":4}},"20":{"start":{"line":34,"column":46},"end":{"line":36,"column":4}},"21":{"start":{"line":35,"column":4},"end":{"line":35,"column":49}},"22":{"start":{"line":38,"column":9},"end":{"line":40,"column":4}},"23":{"start":{"line":38,"column":39},"end":{"line":40,"column":4}},"24":{"start":{"line":39,"column":4},"end":{"line":39,"column":39}},"25":{"start":{"line":41,"column":9},"end":{"line":43,"column":4}},"26":{"start":{"line":41,"column":56},"end":{"line":43,"column":4}},"27":{"start":{"line":42,"column":4},"end":{"line":42,"column":48}},"28":{"start":{"line":45,"column":9},"end":{"line":47,"column":4}},"29":{"start":{"line":45,"column":67},"end":{"line":47,"column":4}},"30":{"start":{"line":46,"column":4},"end":{"line":46,"column":59}},"31":{"start":{"line":49,"column":9},"end":{"line":51,"column":4}},"32":{"start":{"line":49,"column":68},"end":{"line":51,"column":4}},"33":{"start":{"line":50,"column":4},"end":{"line":50,"column":60}},"34":{"start":{"line":7,"column":4},"end":{"line":7,"column":28}},"35":{"start":{"line":53,"column":0},"end":{"line":53,"column":23}}},"fnMap":{"0":{"name":"(anonymous_8)","decl":{"start":{"line":6,"column":2},"end":{"line":6,"column":null}},"loc":{"start":{"line":6,"column":2},"end":{"line":8,"column":3}}},"1":{"name":"(anonymous_9)","decl":{"start":{"line":9,"column":18},"end":{"line":9,"column":25}},"loc":{"start":{"line":9,"column":56},"end":{"line":11,"column":4}}},"2":{"name":"(anonymous_10)","decl":{"start":{"line":9,"column":56},"end":{"line":9,"column":null}},"loc":{"start":{"line":9,"column":56},"end":{"line":11,"column":3}}},"3":{"name":"(anonymous_11)","decl":{"start":{"line":12,"column":18},"end":{"line":12,"column":25}},"loc":{"start":{"line":12,"column":41},"end":{"line":14,"column":4}}},"4":{"name":"(anonymous_12)","decl":{"start":{"line":12,"column":41},"end":{"line":12,"column":null}},"loc":{"start":{"line":12,"column":41},"end":{"line":14,"column":3}}},"5":{"name":"(anonymous_13)","decl":{"start":{"line":15,"column":19},"end":{"line":15,"column":26}},"loc":{"start":{"line":15,"column":40},"end":{"line":17,"column":4}}},"6":{"name":"(anonymous_14)","decl":{"start":{"line":15,"column":40},"end":{"line":15,"column":null}},"loc":{"start":{"line":15,"column":40},"end":{"line":17,"column":3}}},"7":{"name":"(anonymous_15)","decl":{"start":{"line":19,"column":25},"end":{"line":19,"column":null}},"loc":{"start":{"line":23,"column":6},"end":{"line":25,"column":4}}},"8":{"name":"(anonymous_16)","decl":{"start":{"line":23,"column":6},"end":{"line":23,"column":null}},"loc":{"start":{"line":23,"column":6},"end":{"line":25,"column":3}}},"9":{"name":"(anonymous_17)","decl":{"start":{"line":26,"column":25},"end":{"line":26,"column":32}},"loc":{"start":{"line":26,"column":66},"end":{"line":28,"column":4}}},"10":{"name":"(anonymous_18)","decl":{"start":{"line":26,"column":66},"end":{"line":26,"column":null}},"loc":{"start":{"line":26,"column":66},"end":{"line":28,"column":3}}},"11":{"name":"(anonymous_19)","decl":{"start":{"line":30,"column":18},"end":{"line":30,"column":25}},"loc":{"start":{"line":30,"column":71},"end":{"line":32,"column":4}}},"12":{"name":"(anonymous_20)","decl":{"start":{"line":30,"column":71},"end":{"line":30,"column":null}},"loc":{"start":{"line":30,"column":71},"end":{"line":32,"column":3}}},"13":{"name":"(anonymous_21)","decl":{"start":{"line":34,"column":18},"end":{"line":34,"column":25}},"loc":{"start":{"line":34,"column":46},"end":{"line":36,"column":4}}},"14":{"name":"(anonymous_22)","decl":{"start":{"line":34,"column":46},"end":{"line":34,"column":null}},"loc":{"start":{"line":34,"column":46},"end":{"line":36,"column":3}}},"15":{"name":"(anonymous_23)","decl":{"start":{"line":38,"column":18},"end":{"line":38,"column":25}},"loc":{"start":{"line":38,"column":39},"end":{"line":40,"column":4}}},"16":{"name":"(anonymous_24)","decl":{"start":{"line":38,"column":39},"end":{"line":38,"column":null}},"loc":{"start":{"line":38,"column":39},"end":{"line":40,"column":3}}},"17":{"name":"(anonymous_25)","decl":{"start":{"line":41,"column":18},"end":{"line":41,"column":25}},"loc":{"start":{"line":41,"column":56},"end":{"line":43,"column":4}}},"18":{"name":"(anonymous_26)","decl":{"start":{"line":41,"column":56},"end":{"line":41,"column":null}},"loc":{"start":{"line":41,"column":56},"end":{"line":43,"column":3}}},"19":{"name":"(anonymous_27)","decl":{"start":{"line":45,"column":29},"end":{"line":45,"column":36}},"loc":{"start":{"line":45,"column":67},"end":{"line":47,"column":4}}},"20":{"name":"(anonymous_28)","decl":{"start":{"line":45,"column":67},"end":{"line":45,"column":null}},"loc":{"start":{"line":45,"column":67},"end":{"line":47,"column":3}}},"21":{"name":"(anonymous_29)","decl":{"start":{"line":49,"column":30},"end":{"line":49,"column":37}},"loc":{"start":{"line":49,"column":68},"end":{"line":51,"column":4}}},"22":{"name":"(anonymous_30)","decl":{"start":{"line":49,"column":68},"end":{"line":49,"column":null}},"loc":{"start":{"line":49,"column":68},"end":{"line":51,"column":3}}}},"branchMap":{},"s":{"0":4,"1":4,"2":1,"3":1,"4":4,"5":2,"6":2,"7":4,"8":2,"9":2,"10":4,"11":2,"12":2,"13":4,"14":1,"15":1,"16":4,"17":2,"18":2,"19":4,"20":0,"21":0,"22":4,"23":1,"24":1,"25":4,"26":1,"27":1,"28":4,"29":2,"30":2,"31":4,"32":2,"33":2,"34":4,"35":4},"f":{"0":4,"1":1,"2":1,"3":2,"4":2,"5":2,"6":2,"7":2,"8":2,"9":1,"10":1,"11":2,"12":2,"13":0,"14":0,"15":1,"16":1,"17":1,"18":1,"19":2,"20":2,"21":2,"22":2},"b":{}}
,"/home/somil.kaushik/backend-training/src/Modules/Blogs/routes.ts": {"path":"/home/somil.kaushik/backend-training/src/Modules/Blogs/routes.ts","statementMap":{"0":{"start":{"line":1,"column":0},"end":{"line":1,"column":30}},"1":{"start":{"line":2,"column":0},"end":{"line":2,"column":38}},"2":{"start":{"line":3,"column":0},"end":{"line":3,"column":28}},"3":{"start":{"line":6,"column":16},"end":{"line":6,"column":32}},"4":{"start":{"line":7,"column":19},"end":{"line":7,"column":35}},"5":{"start":{"line":21,"column":0},"end":{"line":21,"column":38}},"6":{"start":{"line":23,"column":0},"end":{"line":23,"column":43}},"7":{"start":{"line":56,"column":0},"end":{"line":56,"column":58}},"8":{"start":{"line":82,"column":0},"end":{"line":82,"column":48}},"9":{"start":{"line":108,"column":0},"end":{"line":108,"column":70}},"10":{"start":{"line":134,"column":0},"end":{"line":134,"column":49}},"11":{"start":{"line":160,"column":0},"end":{"line":160,"column":42}},"12":{"start":{"line":194,"column":0},"end":{"line":194,"column":52}},"13":{"start":{"line":196,"column":15},"end":{"line":196,"column":43}},"14":{"start":{"line":198,"column":0},"end":{"line":198,"column":75}},"15":{"start":{"line":212,"column":0},"end":{"line":212,"column":64}},"16":{"start":{"line":225,"column":0},"end":{"line":228,"column":2}},"17":{"start":{"line":246,"column":0},"end":{"line":246,"column":79}},"18":{"start":{"line":248,"column":0},"end":{"line":248,"column":23}}},"fnMap":{},"branchMap":{},"s":{"0":4,"1":4,"2":4,"3":4,"4":4,"5":4,"6":4,"7":4,"8":4,"9":4,"10":4,"11":4,"12":4,"13":4,"14":4,"15":4,"16":4,"17":4,"18":4},"f":{},"b":{}}
,"/home/somil.kaushik/backend-training/src/Modules/Blogs/validation.ts": {"path":"/home/somil.kaushik/backend-training/src/Modules/Blogs/validation.ts","statementMap":{"0":{"start":{"line":1,"column":0},"end":{"line":1,"column":22}},"1":{"start":{"line":3,"column":13},"end":{"line":27,"column":3}}},"fnMap":{},"branchMap":{},"s":{"0":4,"1":4},"f":{},"b":{}}
,"/home/somil.kaushik/backend-training/src/Modules/Blogs/repositories/BulkErrorModel.ts": {"path":"/home/somil.kaushik/backend-training/src/Modules/Blogs/repositories/BulkErrorModel.ts","statementMap":{"0":{"start":{"line":1,"column":0},"end":{"line":1,"column":44}},"1":{"start":{"line":5,"column":44},"end":{"line":11,"column":null}},"2":{"start":{"line":14,"column":24},"end":{"line":16,"column":null}},"3":{"start":{"line":19,"column":0},"end":{"line":19,"column":31}}},"fnMap":{},"branchMap":{},"s":{"0":4,"1":4,"2":4,"3":4},"f":{},"b":{}}
,"/home/somil.kaushik/backend-training/src/Modules/Blogs/repositories/BulkUploadModel.ts": {"path":"/home/somil.kaushik/backend-training/src/Modules/Blogs/repositories/BulkUploadModel.ts","statementMap":{"0":{"start":{"line":1,"column":0},"end":{"line":1,"column":44}},"1":{"start":{"line":5,"column":46},"end":{"line":12,"column":null}},"2":{"start":{"line":15,"column":19},"end":{"line":15,"column":78}},"3":{"start":{"line":17,"column":0},"end":{"line":17,"column":26}}},"fnMap":{},"branchMap":{},"s":{"0":4,"1":4,"2":4,"3":4},"f":{},"b":{}}
,"/home/somil.kaushik/backend-training/src/Modules/Blogs/repositories/Repository.ts": {"path":"/home/somil.kaushik/backend-training/src/Modules/Blogs/repositories/Repository.ts","statementMap":{"0":{"start":{"line":1,"column":0},"end":{"line":1,"column":33}},"1":{"start":{"line":3,"column":0},"end":{"line":3,"column":51}},"2":{"start":{"line":4,"column":0},"end":{"line":4,"column":43}},"3":{"start":{"line":6,"column":0},"end":{"line":6,"column":47}},"4":{"start":{"line":13,"column":4},"end":{"line":13,"column":17}},"5":{"start":{"line":16,"column":9},"end":{"line":18,"column":4}},"6":{"start":{"line":16,"column":72},"end":{"line":18,"column":4}},"7":{"start":{"line":17,"column":4},"end":{"line":17,"column":36}},"8":{"start":{"line":20,"column":9},"end":{"line":29,"column":4}},"9":{"start":{"line":24,"column":25},"end":{"line":29,"column":4}},"10":{"start":{"line":25,"column":4},"end":{"line":28,"column":20}},"11":{"start":{"line":31,"column":9},"end":{"line":37,"column":4}},"12":{"start":{"line":34,"column":29},"end":{"line":37,"column":4}},"13":{"start":{"line":35,"column":4},"end":{"line":35,"column":78}},"14":{"start":{"line":36,"column":4},"end":{"line":36,"column":16}},"15":{"start":{"line":39,"column":9},"end":{"line":52,"column":4}},"16":{"start":{"line":39,"column":71},"end":{"line":52,"column":4}},"17":{"start":{"line":40,"column":4},"end":{"line":51,"column":20}},"18":{"start":{"line":54,"column":9},"end":{"line":56,"column":4}},"19":{"start":{"line":54,"column":46},"end":{"line":56,"column":4}},"20":{"start":{"line":55,"column":4},"end":{"line":55,"column":42}},"21":{"start":{"line":58,"column":9},"end":{"line":63,"column":4}},"22":{"start":{"line":61,"column":45},"end":{"line":63,"column":4}},"23":{"start":{"line":62,"column":4},"end":{"line":62,"column":59}},"24":{"start":{"line":65,"column":9},"end":{"line":70,"column":4}},"25":{"start":{"line":68,"column":44},"end":{"line":70,"column":4}},"26":{"start":{"line":69,"column":4},"end":{"line":69,"column":64}},"27":{"start":{"line":72,"column":0},"end":{"line":72,"column":20}}},"fnMap":{"0":{"name":"(anonymous_8)","decl":{"start":{"line":12,"column":2},"end":{"line":12,"column":null}},"loc":{"start":{"line":12,"column":2},"end":{"line":14,"column":3}}},"1":{"name":"(anonymous_9)","decl":{"start":{"line":16,"column":19},"end":{"line":16,"column":26}},"loc":{"start":{"line":16,"column":72},"end":{"line":18,"column":4}}},"2":{"name":"(anonymous_10)","decl":{"start":{"line":16,"column":72},"end":{"line":16,"column":null}},"loc":{"start":{"line":16,"column":72},"end":{"line":18,"column":3}}},"3":{"name":"(anonymous_11)","decl":{"start":{"line":20,"column":25},"end":{"line":20,"column":null}},"loc":{"start":{"line":24,"column":25},"end":{"line":29,"column":4}}},"4":{"name":"(anonymous_12)","decl":{"start":{"line":24,"column":25},"end":{"line":24,"column":null}},"loc":{"start":{"line":24,"column":25},"end":{"line":29,"column":3}}},"5":{"name":"(anonymous_13)","decl":{"start":{"line":31,"column":25},"end":{"line":31,"column":null}},"loc":{"start":{"line":34,"column":29},"end":{"line":37,"column":4}}},"6":{"name":"(anonymous_14)","decl":{"start":{"line":34,"column":29},"end":{"line":34,"column":null}},"loc":{"start":{"line":34,"column":29},"end":{"line":37,"column":3}}},"7":{"name":"(anonymous_15)","decl":{"start":{"line":39,"column":18},"end":{"line":39,"column":25}},"loc":{"start":{"line":39,"column":71},"end":{"line":52,"column":4}}},"8":{"name":"(anonymous_16)","decl":{"start":{"line":39,"column":71},"end":{"line":39,"column":null}},"loc":{"start":{"line":39,"column":71},"end":{"line":52,"column":3}}},"9":{"name":"(anonymous_17)","decl":{"start":{"line":54,"column":18},"end":{"line":54,"column":25}},"loc":{"start":{"line":54,"column":46},"end":{"line":56,"column":4}}},"10":{"name":"(anonymous_18)","decl":{"start":{"line":54,"column":46},"end":{"line":54,"column":null}},"loc":{"start":{"line":54,"column":46},"end":{"line":56,"column":3}}},"11":{"name":"(anonymous_19)","decl":{"start":{"line":58,"column":29},"end":{"line":58,"column":null}},"loc":{"start":{"line":61,"column":45},"end":{"line":63,"column":4}}},"12":{"name":"(anonymous_20)","decl":{"start":{"line":61,"column":45},"end":{"line":61,"column":null}},"loc":{"start":{"line":61,"column":45},"end":{"line":63,"column":3}}},"13":{"name":"(anonymous_21)","decl":{"start":{"line":65,"column":30},"end":{"line":65,"column":null}},"loc":{"start":{"line":68,"column":44},"end":{"line":70,"column":4}}},"14":{"name":"(anonymous_22)","decl":{"start":{"line":68,"column":44},"end":{"line":68,"column":null}},"loc":{"start":{"line":68,"column":44},"end":{"line":70,"column":3}}}},"branchMap":{},"s":{"0":4,"1":4,"2":4,"3":4,"4":4,"5":4,"6":2,"7":2,"8":4,"9":2,"10":2,"11":4,"12":1,"13":1,"14":1,"15":4,"16":2,"17":2,"18":4,"19":0,"20":0,"21":4,"22":2,"23":2,"24":4,"25":2,"26":2,"27":4},"f":{"0":4,"1":2,"2":2,"3":2,"4":2,"5":1,"6":1,"7":2,"8":2,"9":0,"10":0,"11":2,"12":2,"13":2,"14":2},"b":{}}
,"/home/somil.kaushik/backend-training/src/Modules/Blogs/repositories/Schema.ts": {"path":"/home/somil.kaushik/backend-training/src/Modules/Blogs/repositories/Schema.ts","statementMap":{"0":{"start":{"line":1,"column":0},"end":{"line":1,"column":32}},"1":{"start":{"line":4,"column":15},"end":{"line":40,"column":null}},"2":{"start":{"line":43,"column":13},"end":{"line":43,"column":53}},"3":{"start":{"line":45,"column":13},"end":{"line":45,"column":63}}},"fnMap":{},"branchMap":{},"s":{"0":4,"1":4,"2":4,"3":4},"f":{},"b":{}}
,"/home/somil.kaushik/backend-training/src/Modules/Users/Controller.ts": {"path":"/home/somil.kaushik/backend-training/src/Modules/Users/Controller.ts","statementMap":{"0":{"start":{"line":2,"column":0},"end":{"line":2,"column":32}},"1":{"start":{"line":6,"column":0},"end":{"line":6,"column":27}},"2":{"start":{"line":9,"column":10},"end":{"line":9,"column":38}},"3":{"start":{"line":11,"column":9},"end":{"line":23,"column":4}},"4":{"start":{"line":11,"column":61},"end":{"line":23,"column":4}},"5":{"start":{"line":12,"column":4},"end":{"line":22,"column":5}},"6":{"start":{"line":13,"column":28},"end":{"line":13,"column":37}},"7":{"start":{"line":14,"column":31},"end":{"line":14,"column":73}},"8":{"start":{"line":15,"column":32},"end":{"line":15,"column":72}},"9":{"start":{"line":16,"column":23},"end":{"line":16,"column":53}},"10":{"start":{"line":18,"column":17},"end":{"line":18,"column":70}},"11":{"start":{"line":19,"column":4},"end":{"line":19,"column":19}},"12":{"start":{"line":21,"column":6},"end":{"line":21,"column":52}},"13":{"start":{"line":25,"column":9},"end":{"line":29,"column":4}},"14":{"start":{"line":25,"column":60},"end":{"line":29,"column":4}},"15":{"start":{"line":26,"column":24},"end":{"line":26,"column":32}},"16":{"start":{"line":27,"column":4},"end":{"line":27,"column":44}},"17":{"start":{"line":28,"column":4},"end":{"line":28,"column":53}},"18":{"start":{"line":31,"column":9},"end":{"line":35,"column":4}},"19":{"start":{"line":31,"column":59},"end":{"line":35,"column":4}},"20":{"start":{"line":32,"column":21},"end":{"line":32,"column":31}},"21":{"start":{"line":33,"column":17},"end":{"line":33,"column":55}},"22":{"start":{"line":34,"column":4},"end":{"line":34,"column":19}},"23":{"start":{"line":37,"column":9},"end":{"line":41,"column":4}},"24":{"start":{"line":37,"column":60},"end":{"line":41,"column":4}},"25":{"start":{"line":38,"column":22},"end":{"line":38,"column":32}},"26":{"start":{"line":39,"column":17},"end":{"line":39,"column":57}},"27":{"start":{"line":40,"column":4},"end":{"line":40,"column":19}},"28":{"start":{"line":43,"column":9},"end":{"line":47,"column":4}},"29":{"start":{"line":43,"column":62},"end":{"line":47,"column":4}},"30":{"start":{"line":44,"column":21},"end":{"line":44,"column":31}},"31":{"start":{"line":45,"column":4},"end":{"line":45,"column":46}},"32":{"start":{"line":46,"column":4},"end":{"line":46,"column":64}},"33":{"start":{"line":49,"column":9},"end":{"line":66,"column":4}},"34":{"start":{"line":49,"column":55},"end":{"line":66,"column":4}},"35":{"start":{"line":50,"column":4},"end":{"line":65,"column":5}},"36":{"start":{"line":51,"column":17},"end":{"line":51,"column":25}},"37":{"start":{"line":52,"column":27},"end":{"line":52,"column":72}},"38":{"start":{"line":53,"column":4},"end":{"line":62,"column":7}},"39":{"start":{"line":54,"column":20},"end":{"line":54,"column":80}},"40":{"start":{"line":55,"column":7},"end":{"line":55,"column":65}},"41":{"start":{"line":61,"column":8},"end":{"line":61,"column":null}},"42":{"start":{"line":64,"column":6},"end":{"line":64,"column":59}},"43":{"start":{"line":68,"column":9},"end":{"line":73,"column":4}},"44":{"start":{"line":68,"column":56},"end":{"line":73,"column":4}},"45":{"start":{"line":69,"column":19},"end":{"line":69,"column":29}},"46":{"start":{"line":70,"column":20},"end":{"line":70,"column":28}},"47":{"start":{"line":71,"column":4},"end":{"line":71,"column":47}},"48":{"start":{"line":72,"column":4},"end":{"line":72,"column":65}},"49":{"start":{"line":75,"column":0},"end":{"line":75,"column":26}}},"fnMap":{"0":{"name":"(anonymous_8)","decl":{"start":{"line":8,"column":0},"end":{"line":8,"column":6}},"loc":{"start":{"line":8,"column":0},"end":{"line":74,"column":1}}},"1":{"name":"(anonymous_9)","decl":{"start":{"line":11,"column":23},"end":{"line":11,"column":30}},"loc":{"start":{"line":11,"column":61},"end":{"line":23,"column":4}}},"2":{"name":"(anonymous_10)","decl":{"start":{"line":11,"column":61},"end":{"line":11,"column":null}},"loc":{"start":{"line":11,"column":61},"end":{"line":23,"column":3}}},"3":{"name":"(anonymous_11)","decl":{"start":{"line":25,"column":22},"end":{"line":25,"column":29}},"loc":{"start":{"line":25,"column":60},"end":{"line":29,"column":4}}},"4":{"name":"(anonymous_12)","decl":{"start":{"line":25,"column":60},"end":{"line":25,"column":null}},"loc":{"start":{"line":25,"column":60},"end":{"line":29,"column":3}}},"5":{"name":"(anonymous_13)","decl":{"start":{"line":31,"column":21},"end":{"line":31,"column":28}},"loc":{"start":{"line":31,"column":59},"end":{"line":35,"column":4}}},"6":{"name":"(anonymous_14)","decl":{"start":{"line":31,"column":59},"end":{"line":31,"column":null}},"loc":{"start":{"line":31,"column":59},"end":{"line":35,"column":3}}},"7":{"name":"(anonymous_15)","decl":{"start":{"line":37,"column":22},"end":{"line":37,"column":29}},"loc":{"start":{"line":37,"column":60},"end":{"line":41,"column":4}}},"8":{"name":"(anonymous_16)","decl":{"start":{"line":37,"column":60},"end":{"line":37,"column":null}},"loc":{"start":{"line":37,"column":60},"end":{"line":41,"column":3}}},"9":{"name":"(anonymous_17)","decl":{"start":{"line":43,"column":24},"end":{"line":43,"column":31}},"loc":{"start":{"line":43,"column":62},"end":{"line":47,"column":4}}},"10":{"name":"(anonymous_18)","decl":{"start":{"line":43,"column":62},"end":{"line":43,"column":null}},"loc":{"start":{"line":43,"column":62},"end":{"line":47,"column":3}}},"11":{"name":"(anonymous_19)","decl":{"start":{"line":49,"column":17},"end":{"line":49,"column":24}},"loc":{"start":{"line":49,"column":55},"end":{"line":66,"column":4}}},"12":{"name":"(anonymous_20)","decl":{"start":{"line":49,"column":55},"end":{"line":49,"column":null}},"loc":{"start":{"line":49,"column":55},"end":{"line":66,"column":3}}},"13":{"name":"(anonymous_21)","decl":{"start":{"line":68,"column":18},"end":{"line":68,"column":25}},"loc":{"start":{"line":68,"column":56},"end":{"line":73,"column":4}}},"14":{"name":"(anonymous_22)","decl":{"start":{"line":68,"column":56},"end":{"line":68,"column":null}},"loc":{"start":{"line":68,"column":56},"end":{"line":73,"column":3}}}},"branchMap":{"0":{"loc":{"start":{"line":14,"column":31},"end":{"line":14,"column":73}},"type":"cond-expr","locations":[{"start":{"line":14,"column":38},"end":{"line":14,"column":69}},{"start":{"line":14,"column":72},"end":{"line":14,"column":73}}]},"1":{"loc":{"start":{"line":14,"column":38},"end":{"line":14,"column":69}},"type":"binary-expr","locations":[{"start":{"line":14,"column":38},"end":{"line":14,"column":64}},{"start":{"line":14,"column":68},"end":{"line":14,"column":69}}]},"2":{"loc":{"start":{"line":15,"column":32},"end":{"line":15,"column":72}},"type":"cond-expr","locations":[{"start":{"line":15,"column":40},"end":{"line":15,"column":67}},{"start":{"line":15,"column":70},"end":{"line":15,"column":72}}]},"3":{"loc":{"start":{"line":53,"column":4},"end":{"line":62,"column":7}},"type":"if","locations":[{"start":{"line":53,"column":4},"end":{"line":62,"column":7}},{"start":{"line":60,"column":13},"end":{"line":62,"column":7}}]},"4":{"loc":{"start":{"line":54,"column":55},"end":{"line":54,"column":79}},"type":"cond-expr","locations":[{"start":{"line":54,"column":69},"end":{"line":54,"column":71}},{"start":{"line":54,"column":55},"end":{"line":54,"column":79}}]},"5":{"loc":{"start":{"line":54,"column":55},"end":{"line":54,"column":71}},"type":"binary-expr","locations":[{"start":{"line":54,"column":55},"end":{"line":54,"column":71}},{"start":{"line":54,"column":55},"end":{"line":54,"column":71}}]}},"s":{"0":4,"1":4,"2":4,"3":4,"4":2,"5":2,"6":2,"7":2,"8":2,"9":2,"10":2,"11":1,"12":1,"13":4,"14":1,"15":1,"16":1,"17":1,"18":4,"19":1,"20":1,"21":1,"22":1,"23":4,"24":1,"25":1,"26":1,"27":1,"28":4,"29":1,"30":1,"31":1,"32":1,"33":4,"34":2,"35":2,"36":2,"37":2,"38":2,"39":2,"40":2,"41":0,"42":0,"43":4,"44":1,"45":1,"46":1,"47":1,"48":1,"49":4},"f":{"0":4,"1":2,"2":2,"3":1,"4":1,"5":1,"6":1,"7":1,"8":1,"9":1,"10":1,"11":2,"12":2,"13":1,"14":1},"b":{"0":[1,1],"1":[1,1],"2":[1,1],"3":[2,0],"4":[0,2],"5":[2,2]}}
,"/home/somil.kaushik/backend-training/src/Modules/Users/Service.ts": {"path":"/home/somil.kaushik/backend-training/src/Modules/Users/Service.ts","statementMap":{"0":{"start":{"line":2,"column":0},"end":{"line":2,"column":45}},"1":{"start":{"line":3,"column":0},"end":{"line":3,"column":28}},"2":{"start":{"line":12,"column":9},"end":{"line":15,"column":4}},"3":{"start":{"line":12,"column":44},"end":{"line":15,"column":4}},"4":{"start":{"line":13,"column":4},"end":{"line":13,"column":54}},"5":{"start":{"line":14,"column":4},"end":{"line":14,"column":33}},"6":{"start":{"line":17,"column":10},"end":{"line":19,"column":4}},"7":{"start":{"line":17,"column":59},"end":{"line":19,"column":4}},"8":{"start":{"line":18,"column":1},"end":{"line":18,"column":43}},"9":{"start":{"line":21,"column":9},"end":{"line":23,"column":4}},"10":{"start":{"line":21,"column":44},"end":{"line":23,"column":4}},"11":{"start":{"line":22,"column":4},"end":{"line":22,"column":43}},"12":{"start":{"line":25,"column":9},"end":{"line":27,"column":4}},"13":{"start":{"line":25,"column":46},"end":{"line":27,"column":4}},"14":{"start":{"line":26,"column":4},"end":{"line":26,"column":45}},"15":{"start":{"line":29,"column":9},"end":{"line":31,"column":4}},"16":{"start":{"line":29,"column":47},"end":{"line":31,"column":4}},"17":{"start":{"line":30,"column":4},"end":{"line":30,"column":46}},"18":{"start":{"line":33,"column":9},"end":{"line":36,"column":null}},"19":{"start":{"line":33,"column":49},"end":{"line":36,"column":null}},"20":{"start":{"line":34,"column":4},"end":{"line":34,"column":39}},"21":{"start":{"line":9,"column":4},"end":{"line":9,"column":27}},"22":{"start":{"line":39,"column":0},"end":{"line":39,"column":23}}},"fnMap":{"0":{"name":"(anonymous_8)","decl":{"start":{"line":8,"column":2},"end":{"line":8,"column":null}},"loc":{"start":{"line":8,"column":2},"end":{"line":10,"column":3}}},"1":{"name":"(anonymous_9)","decl":{"start":{"line":12,"column":22},"end":{"line":12,"column":29}},"loc":{"start":{"line":12,"column":44},"end":{"line":15,"column":4}}},"2":{"name":"(anonymous_10)","decl":{"start":{"line":12,"column":44},"end":{"line":12,"column":null}},"loc":{"start":{"line":12,"column":44},"end":{"line":15,"column":3}}},"3":{"name":"(anonymous_11)","decl":{"start":{"line":17,"column":24},"end":{"line":17,"column":31}},"loc":{"start":{"line":17,"column":59},"end":{"line":19,"column":4}}},"4":{"name":"(anonymous_12)","decl":{"start":{"line":17,"column":59},"end":{"line":17,"column":null}},"loc":{"start":{"line":17,"column":59},"end":{"line":19,"column":3}}},"5":{"name":"(anonymous_13)","decl":{"start":{"line":21,"column":21},"end":{"line":21,"column":28}},"loc":{"start":{"line":21,"column":44},"end":{"line":23,"column":4}}},"6":{"name":"(anonymous_14)","decl":{"start":{"line":21,"column":44},"end":{"line":21,"column":null}},"loc":{"start":{"line":21,"column":44},"end":{"line":23,"column":3}}},"7":{"name":"(anonymous_15)","decl":{"start":{"line":25,"column":22},"end":{"line":25,"column":29}},"loc":{"start":{"line":25,"column":46},"end":{"line":27,"column":4}}},"8":{"name":"(anonymous_16)","decl":{"start":{"line":25,"column":46},"end":{"line":25,"column":null}},"loc":{"start":{"line":25,"column":46},"end":{"line":27,"column":3}}},"9":{"name":"(anonymous_17)","decl":{"start":{"line":29,"column":24},"end":{"line":29,"column":31}},"loc":{"start":{"line":29,"column":47},"end":{"line":31,"column":4}}},"10":{"name":"(anonymous_18)","decl":{"start":{"line":29,"column":47},"end":{"line":29,"column":null}},"loc":{"start":{"line":29,"column":47},"end":{"line":31,"column":3}}},"11":{"name":"(anonymous_19)","decl":{"start":{"line":33,"column":16},"end":{"line":33,"column":23}},"loc":{"start":{"line":33,"column":49},"end":{"line":36,"column":null}}},"12":{"name":"(anonymous_20)","decl":{"start":{"line":33,"column":49},"end":{"line":33,"column":null}},"loc":{"start":{"line":33,"column":49},"end":{"line":36,"column":3}}}},"branchMap":{},"s":{"0":4,"1":4,"2":4,"3":1,"4":1,"5":1,"6":4,"7":2,"8":2,"9":4,"10":1,"11":1,"12":4,"13":3,"14":3,"15":4,"16":1,"17":1,"18":4,"19":1,"20":1,"21":4,"22":4},"f":{"0":4,"1":1,"2":1,"3":2,"4":2,"5":1,"6":1,"7":3,"8":3,"9":1,"10":1,"11":1,"12":1},"b":{}}
,"/home/somil.kaushik/backend-training/src/Modules/Users/routes.ts": {"path":"/home/somil.kaushik/backend-training/src/Modules/Users/routes.ts","statementMap":{"0":{"start":{"line":1,"column":0},"end":{"line":1,"column":30}},"1":{"start":{"line":3,"column":0},"end":{"line":3,"column":38}},"2":{"start":{"line":5,"column":15},"end":{"line":5,"column":31}},"3":{"start":{"line":7,"column":23},"end":{"line":7,"column":39}},"4":{"start":{"line":21,"column":0},"end":{"line":21,"column":52}},"5":{"start":{"line":24,"column":0},"end":{"line":28,"column":2}},"6":{"start":{"line":55,"column":0},"end":{"line":55,"column":51}},"7":{"start":{"line":83,"column":0},"end":{"line":83,"column":57}},"8":{"start":{"line":111,"column":0},"end":{"line":111,"column":60}},"9":{"start":{"line":112,"column":0},"end":{"line":112,"column":44}},"10":{"start":{"line":145,"column":0},"end":{"line":145,"column":51}},"11":{"start":{"line":147,"column":0},"end":{"line":147,"column":22}}},"fnMap":{},"branchMap":{},"s":{"0":4,"1":4,"2":4,"3":4,"4":4,"5":4,"6":4,"7":4,"8":4,"9":4,"10":4,"11":4},"f":{},"b":{}}
,"/home/somil.kaushik/backend-training/src/Modules/Users/validation.ts": {"path":"/home/somil.kaushik/backend-training/src/Modules/Users/validation.ts","statementMap":{"0":{"start":{"line":1,"column":0},"end":{"line":1,"column":22}},"1":{"start":{"line":4,"column":9},"end":{"line":10,"column":5}},"2":{"start":{"line":12,"column":0},"end":{"line":12,"column":40}}},"fnMap":{"0":{"name":"(anonymous_1)","decl":{"start":{"line":3,"column":0},"end":{"line":3,"column":6}},"loc":{"start":{"line":3,"column":0},"end":{"line":11,"column":1}}}},"branchMap":{},"s":{"0":4,"1":4,"2":4},"f":{"0":4},"b":{}}
,"/home/somil.kaushik/backend-training/src/Modules/Users/repositories/Repository.ts": {"path":"/home/somil.kaushik/backend-training/src/Modules/Users/repositories/Repository.ts","statementMap":{"0":{"start":{"line":1,"column":0},"end":{"line":1,"column":51}},"1":{"start":{"line":3,"column":0},"end":{"line":3,"column":28}},"2":{"start":{"line":7,"column":4},"end":{"line":7,"column":16}},"3":{"start":{"line":9,"column":9},"end":{"line":11,"column":4}},"4":{"start":{"line":9,"column":67},"end":{"line":11,"column":4}},"5":{"start":{"line":10,"column":4},"end":{"line":10,"column":40}},"6":{"start":{"line":13,"column":9},"end":{"line":15,"column":4}},"7":{"start":{"line":13,"column":69},"end":{"line":15,"column":4}},"8":{"start":{"line":14,"column":4},"end":{"line":14,"column":41}},"9":{"start":{"line":17,"column":9},"end":{"line":19,"column":4}},"10":{"start":{"line":17,"column":47},"end":{"line":19,"column":4}},"11":{"start":{"line":18,"column":4},"end":{"line":18,"column":49}},"12":{"start":{"line":21,"column":0},"end":{"line":21,"column":20}}},"fnMap":{"0":{"name":"(anonymous_8)","decl":{"start":{"line":6,"column":2},"end":{"line":6,"column":null}},"loc":{"start":{"line":6,"column":2},"end":{"line":8,"column":3}}},"1":{"name":"(anonymous_9)","decl":{"start":{"line":9,"column":21},"end":{"line":9,"column":28}},"loc":{"start":{"line":9,"column":67},"end":{"line":11,"column":4}}},"2":{"name":"(anonymous_10)","decl":{"start":{"line":9,"column":67},"end":{"line":9,"column":null}},"loc":{"start":{"line":9,"column":67},"end":{"line":11,"column":3}}},"3":{"name":"(anonymous_11)","decl":{"start":{"line":13,"column":22},"end":{"line":13,"column":29}},"loc":{"start":{"line":13,"column":69},"end":{"line":15,"column":4}}},"4":{"name":"(anonymous_12)","decl":{"start":{"line":13,"column":69},"end":{"line":13,"column":null}},"loc":{"start":{"line":13,"column":69},"end":{"line":15,"column":3}}},"5":{"name":"(anonymous_13)","decl":{"start":{"line":17,"column":24},"end":{"line":17,"column":31}},"loc":{"start":{"line":17,"column":47},"end":{"line":19,"column":4}}},"6":{"name":"(anonymous_14)","decl":{"start":{"line":17,"column":47},"end":{"line":17,"column":null}},"loc":{"start":{"line":17,"column":47},"end":{"line":19,"column":3}}}},"branchMap":{},"s":{"0":4,"1":4,"2":4,"3":4,"4":1,"5":1,"6":4,"7":3,"8":3,"9":4,"10":1,"11":1,"12":4},"f":{"0":4,"1":1,"2":1,"3":3,"4":3,"5":1,"6":1},"b":{}}
,"/home/somil.kaushik/backend-training/src/Modules/Users/repositories/Schema.ts": {"path":"/home/somil.kaushik/backend-training/src/Modules/Users/repositories/Schema.ts","statementMap":{"0":{"start":{"line":1,"column":0},"end":{"line":1,"column":32}},"1":{"start":{"line":4,"column":19},"end":{"line":10,"column":2}},"2":{"start":{"line":12,"column":13},"end":{"line":12,"column":54}},"3":{"start":{"line":14,"column":0},"end":{"line":14,"column":20}}},"fnMap":{},"branchMap":{},"s":{"0":4,"1":4,"2":4,"3":4},"f":{},"b":{}}
,"/home/somil.kaushik/backend-training/src/controllers/asyncController.ts": {"path":"/home/somil.kaushik/backend-training/src/controllers/asyncController.ts","statementMap":{"0":{"start":{"line":4,"column":9},"end":{"line":18,"column":4}},"1":{"start":{"line":4,"column":74},"end":{"line":18,"column":4}},"2":{"start":{"line":5,"column":22},"end":{"line":9,"column":6}},"3":{"start":{"line":6,"column":6},"end":{"line":8,"column":15}},"4":{"start":{"line":7,"column":8},"end":{"line":7,"column":31}},"5":{"start":{"line":11,"column":4},"end":{"line":17,"column":5}},"6":{"start":{"line":12,"column":23},"end":{"line":12,"column":38}},"7":{"start":{"line":13,"column":6},"end":{"line":13,"column":28}},"8":{"start":{"line":14,"column":6},"end":{"line":14,"column":25}},"9":{"start":{"line":16,"column":6},"end":{"line":16,"column":43}},"10":{"start":{"line":21,"column":0},"end":{"line":21,"column":47}}},"fnMap":{"0":{"name":"(anonymous_7)","decl":{"start":{"line":3,"column":0},"end":{"line":3,"column":6}},"loc":{"start":{"line":3,"column":0},"end":{"line":19,"column":1}}},"1":{"name":"(anonymous_8)","decl":{"start":{"line":4,"column":21},"end":{"line":4,"column":28}},"loc":{"start":{"line":4,"column":74},"end":{"line":18,"column":4}}},"2":{"name":"(anonymous_9)","decl":{"start":{"line":4,"column":74},"end":{"line":4,"column":null}},"loc":{"start":{"line":4,"column":74},"end":{"line":18,"column":3}}},"3":{"name":"(anonymous_10)","decl":{"start":{"line":5,"column":34},"end":{"line":5,"column":44}},"loc":{"start":{"line":5,"column":50},"end":{"line":9,"column":5}}},"4":{"name":"(anonymous_11)","decl":{"start":{"line":6,"column":17},"end":{"line":6,"column":null}},"loc":{"start":{"line":6,"column":17},"end":{"line":8,"column":7}}}},"branchMap":{},"s":{"0":4,"1":1,"2":1,"3":1,"4":1,"5":1,"6":1,"7":1,"8":1,"9":0,"10":4},"f":{"0":4,"1":1,"2":1,"3":1,"4":1},"b":{}}
,"/home/somil.kaushik/backend-training/src/controllers/dataController.ts": {"path":"/home/somil.kaushik/backend-training/src/controllers/dataController.ts","statementMap":{"0":{"start":{"line":2,"column":0},"end":{"line":2,"column":37}},"1":{"start":{"line":5,"column":9},"end":{"line":8,"column":4}},"2":{"start":{"line":7,"column":4},"end":{"line":7,"column":19}},"3":{"start":{"line":10,"column":9},"end":{"line":14,"column":4}},"4":{"start":{"line":11,"column":17},"end":{"line":11,"column":25}},"5":{"start":{"line":12,"column":4},"end":{"line":12,"column":20}},"6":{"start":{"line":13,"column":4},"end":{"line":13,"column":19}},"7":{"start":{"line":17,"column":0},"end":{"line":17,"column":30}}},"fnMap":{"0":{"name":"(anonymous_1)","decl":{"start":{"line":4,"column":0},"end":{"line":4,"column":6}},"loc":{"start":{"line":4,"column":0},"end":{"line":15,"column":1}}},"1":{"name":"(anonymous_2)","decl":{"start":{"line":5,"column":19},"end":{"line":5,"column":20}},"loc":{"start":{"line":5,"column":57},"end":{"line":8,"column":3}}},"2":{"name":"(anonymous_3)","decl":{"start":{"line":10,"column":20},"end":{"line":10,"column":21}},"loc":{"start":{"line":10,"column":58},"end":{"line":14,"column":3}}}},"branchMap":{},"s":{"0":4,"1":8,"2":1,"3":8,"4":1,"5":1,"6":1,"7":4},"f":{"0":8,"1":1,"2":1},"b":{}}
,"/home/somil.kaushik/backend-training/src/controllers/healthCheckController.ts": {"path":"/home/somil.kaushik/backend-training/src/controllers/healthCheckController.ts","statementMap":{"0":{"start":{"line":4,"column":9},"end":{"line":6,"column":4}},"1":{"start":{"line":5,"column":4},"end":{"line":5,"column":31}},"2":{"start":{"line":8,"column":0},"end":{"line":8,"column":57}}},"fnMap":{"0":{"name":"(anonymous_0)","decl":{"start":{"line":3,"column":0},"end":{"line":3,"column":6}},"loc":{"start":{"line":3,"column":0},"end":{"line":7,"column":1}}},"1":{"name":"(anonymous_1)","decl":{"start":{"line":4,"column":25},"end":{"line":4,"column":26}},"loc":{"start":{"line":4,"column":63},"end":{"line":6,"column":3}}}},"branchMap":{},"s":{"0":4,"1":1,"2":4},"f":{"0":4,"1":1},"b":{}}
,"/home/somil.kaushik/backend-training/src/controllers/loginController.ts": {"path":"/home/somil.kaushik/backend-training/src/controllers/loginController.ts","statementMap":{"0":{"start":{"line":4,"column":9},"end":{"line":6,"column":4}},"1":{"start":{"line":5,"column":4},"end":{"line":5,"column":32}},"2":{"start":{"line":8,"column":0},"end":{"line":8,"column":43}}},"fnMap":{"0":{"name":"(anonymous_0)","decl":{"start":{"line":3,"column":0},"end":{"line":3,"column":6}},"loc":{"start":{"line":3,"column":0},"end":{"line":7,"column":1}}},"1":{"name":"(anonymous_1)","decl":{"start":{"line":4,"column":17},"end":{"line":4,"column":18}},"loc":{"start":{"line":4,"column":55},"end":{"line":6,"column":3}}}},"branchMap":{},"s":{"0":4,"1":1,"2":4},"f":{"0":4,"1":1},"b":{}}
,"/home/somil.kaushik/backend-training/src/controllers/registerController.ts": {"path":"/home/somil.kaushik/backend-training/src/controllers/registerController.ts","statementMap":{"0":{"start":{"line":4,"column":9},"end":{"line":6,"column":4}},"1":{"start":{"line":5,"column":4},"end":{"line":5,"column":40}},"2":{"start":{"line":8,"column":0},"end":{"line":8,"column":49}}},"fnMap":{"0":{"name":"(anonymous_0)","decl":{"start":{"line":3,"column":0},"end":{"line":3,"column":6}},"loc":{"start":{"line":3,"column":0},"end":{"line":7,"column":1}}},"1":{"name":"(anonymous_1)","decl":{"start":{"line":4,"column":20},"end":{"line":4,"column":21}},"loc":{"start":{"line":4,"column":58},"end":{"line":6,"column":3}}}},"branchMap":{},"s":{"0":4,"1":1,"2":4},"f":{"0":4,"1":1},"b":{}}
,"/home/somil.kaushik/backend-training/src/libs/databaseConnection.ts": {"path":"/home/somil.kaushik/backend-training/src/libs/databaseConnection.ts","statementMap":{"0":{"start":{"line":1,"column":0},"end":{"line":1,"column":32}},"1":{"start":{"line":2,"column":0},"end":{"line":2,"column":49}},"2":{"start":{"line":5,"column":9},"end":{"line":13,"column":4}},"3":{"start":{"line":5,"column":47},"end":{"line":13,"column":4}},"4":{"start":{"line":6,"column":4},"end":{"line":12,"column":5}},"5":{"start":{"line":7,"column":6},"end":{"line":7,"column":54}},"6":{"start":{"line":9,"column":6},"end":{"line":9,"column":56}},"7":{"start":{"line":11,"column":6},"end":{"line":11,"column":54}},"8":{"start":{"line":15,"column":9},"end":{"line":22,"column":4}},"9":{"start":{"line":15,"column":50},"end":{"line":22,"column":4}},"10":{"start":{"line":16,"column":4},"end":{"line":21,"column":5}},"11":{"start":{"line":17,"column":6},"end":{"line":17,"column":34}},"12":{"start":{"line":20,"column":6},"end":{"line":20,"column":54}},"13":{"start":{"line":24,"column":0},"end":{"line":24,"column":26}}},"fnMap":{"0":{"name":"(anonymous_8)","decl":{"start":{"line":4,"column":0},"end":{"line":4,"column":6}},"loc":{"start":{"line":4,"column":0},"end":{"line":23,"column":1}}},"1":{"name":"(anonymous_9)","decl":{"start":{"line":5,"column":21},"end":{"line":5,"column":45}},"loc":{"start":{"line":5,"column":47},"end":{"line":13,"column":4}}},"2":{"name":"(anonymous_10)","decl":{"start":{"line":5,"column":47},"end":{"line":5,"column":null}},"loc":{"start":{"line":5,"column":47},"end":{"line":13,"column":3}}},"3":{"name":"(anonymous_11)","decl":{"start":{"line":15,"column":24},"end":{"line":15,"column":48}},"loc":{"start":{"line":15,"column":50},"end":{"line":22,"column":4}}},"4":{"name":"(anonymous_12)","decl":{"start":{"line":15,"column":50},"end":{"line":15,"column":null}},"loc":{"start":{"line":15,"column":50},"end":{"line":22,"column":3}}}},"branchMap":{},"s":{"0":4,"1":4,"2":4,"3":22,"4":22,"5":22,"6":22,"7":0,"8":4,"9":4,"10":4,"11":4,"12":0,"13":4},"f":{"0":4,"1":22,"2":22,"3":4,"4":4},"b":{}}
,"/home/somil.kaushik/backend-training/src/libs/base/BaseRepo.ts": {"path":"/home/somil.kaushik/backend-training/src/libs/base/BaseRepo.ts","statementMap":{"0":{"start":{"line":10,"column":9},"end":{"line":15,"column":4}},"1":{"start":{"line":13,"column":35},"end":{"line":15,"column":4}},"2":{"start":{"line":14,"column":4},"end":{"line":14,"column":59}},"3":{"start":{"line":17,"column":9},"end":{"line":20,"column":4}},"4":{"start":{"line":17,"column":57},"end":{"line":20,"column":4}},"5":{"start":{"line":18,"column":7},"end":{"line":18,"column":41}},"6":{"start":{"line":19,"column":4},"end":{"line":19,"column":16}},"7":{"start":{"line":22,"column":9},"end":{"line":25,"column":4}},"8":{"start":{"line":22,"column":62},"end":{"line":25,"column":4}},"9":{"start":{"line":23,"column":4},"end":{"line":23,"column":43}},"10":{"start":{"line":24,"column":4},"end":{"line":24,"column":16}},"11":{"start":{"line":27,"column":9},"end":{"line":33,"column":4}},"12":{"start":{"line":30,"column":29},"end":{"line":33,"column":4}},"13":{"start":{"line":31,"column":4},"end":{"line":31,"column":77}},"14":{"start":{"line":32,"column":4},"end":{"line":32,"column":16}},"15":{"start":{"line":7,"column":4},"end":{"line":7,"column":23}},"16":{"start":{"line":35,"column":0},"end":{"line":35,"column":24}}},"fnMap":{"0":{"name":"(anonymous_7)","decl":{"start":{"line":6,"column":2},"end":{"line":6,"column":14}},"loc":{"start":{"line":6,"column":29},"end":{"line":8,"column":3}}},"1":{"name":"(anonymous_8)","decl":{"start":{"line":10,"column":18},"end":{"line":10,"column":null}},"loc":{"start":{"line":13,"column":35},"end":{"line":15,"column":4}}},"2":{"name":"(anonymous_9)","decl":{"start":{"line":13,"column":35},"end":{"line":13,"column":null}},"loc":{"start":{"line":13,"column":35},"end":{"line":15,"column":3}}},"3":{"name":"(anonymous_10)","decl":{"start":{"line":17,"column":18},"end":{"line":17,"column":25}},"loc":{"start":{"line":17,"column":57},"end":{"line":20,"column":4}}},"4":{"name":"(anonymous_11)","decl":{"start":{"line":17,"column":57},"end":{"line":17,"column":null}},"loc":{"start":{"line":17,"column":57},"end":{"line":20,"column":3}}},"5":{"name":"(anonymous_12)","decl":{"start":{"line":22,"column":18},"end":{"line":22,"column":25}},"loc":{"start":{"line":22,"column":62},"end":{"line":25,"column":4}}},"6":{"name":"(anonymous_13)","decl":{"start":{"line":22,"column":62},"end":{"line":22,"column":null}},"loc":{"start":{"line":22,"column":62},"end":{"line":25,"column":3}}},"7":{"name":"(anonymous_14)","decl":{"start":{"line":27,"column":18},"end":{"line":27,"column":null}},"loc":{"start":{"line":30,"column":29},"end":{"line":33,"column":4}}},"8":{"name":"(anonymous_15)","decl":{"start":{"line":30,"column":29},"end":{"line":30,"column":null}},"loc":{"start":{"line":30,"column":29},"end":{"line":33,"column":3}}}},"branchMap":{},"s":{"0":8,"1":3,"2":3,"3":8,"4":3,"5":3,"6":2,"7":8,"8":1,"9":1,"10":1,"11":8,"12":2,"13":2,"14":2,"15":8,"16":4},"f":{"0":8,"1":3,"2":3,"3":3,"4":3,"5":1,"6":1,"7":2,"8":2},"b":{}}
,"/home/somil.kaushik/backend-training/src/libs/config/SystemResponse.ts": {"path":"/home/somil.kaushik/backend-training/src/libs/config/SystemResponse.ts","statementMap":{"0":{"start":{"line":9,"column":8},"end":{"line":9,"column":35}},"1":{"start":{"line":10,"column":8},"end":{"line":10,"column":29}},"2":{"start":{"line":11,"column":8},"end":{"line":11,"column":23}},"3":{"start":{"line":12,"column":8},"end":{"line":12,"column":21}},"4":{"start":{"line":16,"column":8},"end":{"line":16,"column":41}},"5":{"start":{"line":17,"column":23},"end":{"line":17,"column":83}},"6":{"start":{"line":18,"column":8},"end":{"line":18,"column":24}},"7":{"start":{"line":22,"column":8},"end":{"line":22,"column":41}},"8":{"start":{"line":23,"column":23},"end":{"line":23,"column":84}},"9":{"start":{"line":24,"column":8},"end":{"line":24,"column":24}},"10":{"start":{"line":28,"column":0},"end":{"line":28,"column":30}}},"fnMap":{"0":{"name":"(anonymous_0)","decl":{"start":{"line":8,"column":4},"end":{"line":8,"column":16}},"loc":{"start":{"line":8,"column":74},"end":{"line":13,"column":5}}},"1":{"name":"(anonymous_1)","decl":{"start":{"line":15,"column":11},"end":{"line":15,"column":18}},"loc":{"start":{"line":15,"column":18},"end":{"line":19,"column":5}}},"2":{"name":"(anonymous_2)","decl":{"start":{"line":21,"column":11},"end":{"line":21,"column":18}},"loc":{"start":{"line":21,"column":18},"end":{"line":26,"column":5}}}},"branchMap":{},"s":{"0":12,"1":12,"2":12,"3":12,"4":10,"5":10,"6":10,"7":2,"8":2,"9":2,"10":4},"f":{"0":12,"1":10,"2":2},"b":{}}
,"/home/somil.kaushik/backend-training/src/middleware/customHeaderMiddleware.ts": {"path":"/home/somil.kaushik/backend-training/src/middleware/customHeaderMiddleware.ts","statementMap":{"0":{"start":{"line":2,"column":0},"end":{"line":2,"column":38}},"1":{"start":{"line":9,"column":9},"end":{"line":19,"column":4}},"2":{"start":{"line":14,"column":4},"end":{"line":16,"column":5}},"3":{"start":{"line":15,"column":6},"end":{"line":15,"column":56}},"4":{"start":{"line":17,"column":4},"end":{"line":17,"column":31}},"5":{"start":{"line":18,"column":4},"end":{"line":18,"column":11}},"6":{"start":{"line":7,"column":4},"end":{"line":7,"column":37}},"7":{"start":{"line":22,"column":0},"end":{"line":22,"column":38}}},"fnMap":{"0":{"name":"(anonymous_1)","decl":{"start":{"line":6,"column":2},"end":{"line":6,"column":14}},"loc":{"start":{"line":6,"column":34},"end":{"line":8,"column":3}}},"1":{"name":"(anonymous_2)","decl":{"start":{"line":9,"column":34},"end":{"line":9,"column":null}},"loc":{"start":{"line":13,"column":12},"end":{"line":19,"column":3}}}},"branchMap":{"0":{"loc":{"start":{"line":14,"column":4},"end":{"line":16,"column":5}},"type":"if","locations":[{"start":{"line":14,"column":4},"end":{"line":16,"column":5}}]}},"s":{"0":4,"1":4,"2":1,"3":0,"4":1,"5":1,"6":4,"7":4},"f":{"0":4,"1":1},"b":{"0":[0]}}
,"/home/somil.kaushik/backend-training/src/middleware/customLogsMiddleware.ts": {"path":"/home/somil.kaushik/backend-training/src/middleware/customLogsMiddleware.ts","statementMap":{"0":{"start":{"line":4,"column":9},"end":{"line":13,"column":4}},"1":{"start":{"line":9,"column":4},"end":{"line":11,"column":6}},"2":{"start":{"line":12,"column":4},"end":{"line":12,"column":11}},"3":{"start":{"line":15,"column":0},"end":{"line":15,"column":63}}},"fnMap":{"0":{"name":"(anonymous_0)","decl":{"start":{"line":3,"column":0},"end":{"line":3,"column":6}},"loc":{"start":{"line":3,"column":0},"end":{"line":14,"column":1}}},"1":{"name":"(anonymous_1)","decl":{"start":{"line":4,"column":32},"end":{"line":4,"column":null}},"loc":{"start":{"line":8,"column":12},"end":{"line":13,"column":3}}}},"branchMap":{},"s":{"0":4,"1":1,"2":1,"3":4},"f":{"0":4,"1":1},"b":{}}
,"/home/somil.kaushik/backend-training/src/middleware/dynamicValidationMiddleware.ts": {"path":"/home/somil.kaushik/backend-training/src/middleware/dynamicValidationMiddleware.ts","statementMap":{"0":{"start":{"line":1,"column":0},"end":{"line":1,"column":63}},"1":{"start":{"line":4,"column":0},"end":{"line":4,"column":49}},"2":{"start":{"line":5,"column":0},"end":{"line":5,"column":56}},"3":{"start":{"line":8,"column":9},"end":{"line":31,"column":4}},"4":{"start":{"line":13,"column":17},"end":{"line":13,"column":24}},"5":{"start":{"line":14,"column":17},"end":{"line":14,"column":25}},"6":{"start":{"line":16,"column":4},"end":{"line":24,"column":5}},"7":{"start":{"line":17,"column":6},"end":{"line":17,"column":46}},"8":{"start":{"line":18,"column":11},"end":{"line":24,"column":5}},"9":{"start":{"line":19,"column":6},"end":{"line":19,"column":41}},"10":{"start":{"line":20,"column":11},"end":{"line":24,"column":5}},"11":{"start":{"line":21,"column":6},"end":{"line":21,"column":44}},"12":{"start":{"line":23,"column":6},"end":{"line":23,"column":46}},"13":{"start":{"line":25,"column":4},"end":{"line":30,"column":5}},"14":{"start":{"line":26,"column":6},"end":{"line":26,"column":22}},"15":{"start":{"line":27,"column":6},"end":{"line":27,"column":33}},"16":{"start":{"line":29,"column":6},"end":{"line":29,"column":13}},"17":{"start":{"line":33,"column":0},"end":{"line":33,"column":77}}},"fnMap":{"0":{"name":"(anonymous_1)","decl":{"start":{"line":7,"column":0},"end":{"line":7,"column":6}},"loc":{"start":{"line":7,"column":0},"end":{"line":32,"column":1}}},"1":{"name":"(anonymous_2)","decl":{"start":{"line":8,"column":39},"end":{"line":8,"column":null}},"loc":{"start":{"line":12,"column":12},"end":{"line":31,"column":3}}}},"branchMap":{"0":{"loc":{"start":{"line":16,"column":4},"end":{"line":24,"column":5}},"type":"if","locations":[{"start":{"line":16,"column":4},"end":{"line":24,"column":5}},{"start":{"line":18,"column":11},"end":{"line":24,"column":5}}]},"1":{"loc":{"start":{"line":18,"column":11},"end":{"line":24,"column":5}},"type":"if","locations":[{"start":{"line":18,"column":11},"end":{"line":24,"column":5}},{"start":{"line":20,"column":11},"end":{"line":24,"column":5}}]},"2":{"loc":{"start":{"line":20,"column":11},"end":{"line":24,"column":5}},"type":"if","locations":[{"start":{"line":20,"column":11},"end":{"line":24,"column":5}},{"start":{"line":22,"column":11},"end":{"line":24,"column":5}}]},"3":{"loc":{"start":{"line":25,"column":4},"end":{"line":30,"column":5}},"type":"if","locations":[{"start":{"line":25,"column":4},"end":{"line":30,"column":5}},{"start":{"line":28,"column":11},"end":{"line":30,"column":5}}]}},"s":{"0":4,"1":4,"2":4,"3":4,"4":1,"5":1,"6":1,"7":0,"8":1,"9":1,"10":0,"11":0,"12":0,"13":1,"14":0,"15":0,"16":1,"17":4},"f":{"0":4,"1":1},"b":{"0":[0,1],"1":[1,0],"2":[0,0],"3":[0,1]}}
,"/home/somil.kaushik/backend-training/src/middleware/errorHandlingMiddleware.ts": {"path":"/home/somil.kaushik/backend-training/src/middleware/errorHandlingMiddleware.ts","statementMap":{"0":{"start":{"line":5,"column":9},"end":{"line":11,"column":4}},"1":{"start":{"line":10,"column":4},"end":{"line":10,"column":56}},"2":{"start":{"line":13,"column":0},"end":{"line":13,"column":69}}},"fnMap":{"0":{"name":"(anonymous_0)","decl":{"start":{"line":4,"column":0},"end":{"line":4,"column":6}},"loc":{"start":{"line":4,"column":0},"end":{"line":12,"column":1}}},"1":{"name":"(anonymous_1)","decl":{"start":{"line":5,"column":35},"end":{"line":5,"column":null}},"loc":{"start":{"line":9,"column":12},"end":{"line":11,"column":3}}}},"branchMap":{},"s":{"0":4,"1":0,"2":4},"f":{"0":4,"1":0},"b":{}}
,"/home/somil.kaushik/backend-training/src/middleware/limitingReqMiddleware.ts": {"path":"/home/somil.kaushik/backend-training/src/middleware/limitingReqMiddleware.ts","statementMap":{"0":{"start":{"line":4,"column":9},"end":{"line":28,"column":4}},"1":{"start":{"line":9,"column":16},"end":{"line":9,"column":17}},"2":{"start":{"line":10,"column":18},"end":{"line":10,"column":19}},"3":{"start":{"line":12,"column":22},"end":{"line":12,"column":23}},"4":{"start":{"line":13,"column":4},"end":{"line":19,"column":5}},"5":{"start":{"line":14,"column":6},"end":{"line":14,"column":38}},"6":{"start":{"line":15,"column":6},"end":{"line":15,"column":37}},"7":{"start":{"line":17,"column":6},"end":{"line":17,"column":37}},"8":{"start":{"line":18,"column":6},"end":{"line":18,"column":35}},"9":{"start":{"line":18,"column":24},"end":{"line":18,"column":35}},"10":{"start":{"line":20,"column":4},"end":{"line":27,"column":5}},"11":{"start":{"line":21,"column":6},"end":{"line":21,"column":14}},"12":{"start":{"line":22,"column":6},"end":{"line":22,"column":13}},"13":{"start":{"line":23,"column":11},"end":{"line":27,"column":5}},"14":{"start":{"line":24,"column":6},"end":{"line":24,"column":13}},"15":{"start":{"line":26,"column":6},"end":{"line":26,"column":44}},"16":{"start":{"line":30,"column":0},"end":{"line":30,"column":65}}},"fnMap":{"0":{"name":"(anonymous_0)","decl":{"start":{"line":3,"column":0},"end":{"line":3,"column":6}},"loc":{"start":{"line":3,"column":0},"end":{"line":29,"column":1}}},"1":{"name":"(anonymous_1)","decl":{"start":{"line":4,"column":33},"end":{"line":4,"column":null}},"loc":{"start":{"line":8,"column":12},"end":{"line":28,"column":3}}}},"branchMap":{"0":{"loc":{"start":{"line":13,"column":4},"end":{"line":19,"column":5}},"type":"if","locations":[{"start":{"line":13,"column":4},"end":{"line":19,"column":5}},{"start":{"line":16,"column":11},"end":{"line":19,"column":5}}]},"1":{"loc":{"start":{"line":18,"column":6},"end":{"line":18,"column":35}},"type":"if","locations":[{"start":{"line":18,"column":6},"end":{"line":18,"column":35}}]},"2":{"loc":{"start":{"line":20,"column":4},"end":{"line":27,"column":5}},"type":"if","locations":[{"start":{"line":20,"column":4},"end":{"line":27,"column":5}},{"start":{"line":23,"column":11},"end":{"line":27,"column":5}}]},"3":{"loc":{"start":{"line":20,"column":8},"end":{"line":20,"column":42}},"type":"binary-expr","locations":[{"start":{"line":20,"column":8},"end":{"line":20,"column":21}},{"start":{"line":20,"column":25},"end":{"line":20,"column":42}}]},"4":{"loc":{"start":{"line":23,"column":11},"end":{"line":27,"column":5}},"type":"if","locations":[{"start":{"line":23,"column":11},"end":{"line":27,"column":5}},{"start":{"line":25,"column":11},"end":{"line":27,"column":5}}]}},"s":{"0":4,"1":1,"2":1,"3":1,"4":1,"5":1,"6":1,"7":0,"8":0,"9":0,"10":1,"11":1,"12":1,"13":0,"14":0,"15":0,"16":4},"f":{"0":4,"1":1},"b":{"0":[1,0],"1":[0],"2":[1,0],"3":[1,1],"4":[0,0]}}
,"/home/somil.kaushik/backend-training/src/middleware/validationMiddleware.ts": {"path":"/home/somil.kaushik/backend-training/src/middleware/validationMiddleware.ts","statementMap":{"0":{"start":{"line":1,"column":0},"end":{"line":1,"column":50}},"1":{"start":{"line":5,"column":9},"end":{"line":18,"column":4}},"2":{"start":{"line":10,"column":17},"end":{"line":10,"column":25}},"3":{"start":{"line":11,"column":22},"end":{"line":11,"column":48}},"4":{"start":{"line":12,"column":4},"end":{"line":15,"column":5}},"5":{"start":{"line":13,"column":6},"end":{"line":13,"column":22}},"6":{"start":{"line":14,"column":6},"end":{"line":14,"column":30}},"7":{"start":{"line":17,"column":4},"end":{"line":17,"column":11}},"8":{"start":{"line":20,"column":0},"end":{"line":20,"column":63}}},"fnMap":{"0":{"name":"(anonymous_0)","decl":{"start":{"line":4,"column":0},"end":{"line":4,"column":6}},"loc":{"start":{"line":4,"column":0},"end":{"line":19,"column":1}}},"1":{"name":"(anonymous_1)","decl":{"start":{"line":5,"column":32},"end":{"line":5,"column":null}},"loc":{"start":{"line":9,"column":12},"end":{"line":18,"column":3}}}},"branchMap":{"0":{"loc":{"start":{"line":12,"column":4},"end":{"line":15,"column":5}},"type":"if","locations":[{"start":{"line":12,"column":4},"end":{"line":15,"column":5}}]}},"s":{"0":4,"1":4,"2":1,"3":1,"4":1,"5":0,"6":0,"7":1,"8":4},"f":{"0":4,"1":1},"b":{"0":[0]}}
,"/home/somil.kaushik/backend-training/src/routes/dataRoutes.ts": {"path":"/home/somil.kaushik/backend-training/src/routes/dataRoutes.ts","statementMap":{"0":{"start":{"line":1,"column":0},"end":{"line":1,"column":59}},"1":{"start":{"line":2,"column":0},"end":{"line":2,"column":70}},"2":{"start":{"line":3,"column":0},"end":{"line":3,"column":72}},"3":{"start":{"line":4,"column":0},"end":{"line":4,"column":84}},"4":{"start":{"line":5,"column":0},"end":{"line":5,"column":61}},"5":{"start":{"line":6,"column":0},"end":{"line":6,"column":67}},"6":{"start":{"line":7,"column":0},"end":{"line":7,"column":61}},"7":{"start":{"line":8,"column":0},"end":{"line":8,"column":70}},"8":{"start":{"line":9,"column":0},"end":{"line":9,"column":73}},"9":{"start":{"line":10,"column":0},"end":{"line":10,"column":74}},"10":{"start":{"line":11,"column":0},"end":{"line":11,"column":33}},"11":{"start":{"line":14,"column":10},"end":{"line":14,"column":36}},"12":{"start":{"line":16,"column":10},"end":{"line":36,"column":4}},"13":{"start":{"line":17,"column":4},"end":{"line":17,"column":58}},"14":{"start":{"line":19,"column":4},"end":{"line":26,"column":6}},"15":{"start":{"line":28,"column":4},"end":{"line":28,"column":48}},"16":{"start":{"line":29,"column":4},"end":{"line":33,"column":6}},"17":{"start":{"line":34,"column":4},"end":{"line":34,"column":47}},"18":{"start":{"line":35,"column":4},"end":{"line":35,"column":54}},"19":{"start":{"line":42,"column":9},"end":{"line":44,"column":4}},"20":{"start":{"line":43,"column":4},"end":{"line":43,"column":23}},"21":{"start":{"line":39,"column":4},"end":{"line":39,"column":28}},"22":{"start":{"line":46,"column":0},"end":{"line":46,"column":26}}},"fnMap":{"0":{"name":"(anonymous_1)","decl":{"start":{"line":38,"column":2},"end":{"line":38,"column":null}},"loc":{"start":{"line":38,"column":2},"end":{"line":40,"column":3}}},"1":{"name":"(anonymous_2)","decl":{"start":{"line":16,"column":29},"end":{"line":16,"column":38}},"loc":{"start":{"line":16,"column":40},"end":{"line":36,"column":3}}},"2":{"name":"(anonymous_3)","decl":{"start":{"line":42,"column":21},"end":{"line":42,"column":32}},"loc":{"start":{"line":42,"column":34},"end":{"line":44,"column":3}}}},"branchMap":{},"s":{"0":4,"1":4,"2":4,"3":4,"4":4,"5":4,"6":4,"7":4,"8":4,"9":4,"10":4,"11":4,"12":4,"13":4,"14":4,"15":4,"16":4,"17":4,"18":4,"19":4,"20":4,"21":4,"22":4},"f":{"0":4,"1":4,"2":4},"b":{}}
,"/home/somil.kaushik/backend-training/src/utils/config.ts": {"path":"/home/somil.kaushik/backend-training/src/utils/config.ts","statementMap":{"0":{"start":{"line":1,"column":13},"end":{"line":5,"column":4}}},"fnMap":{},"branchMap":{},"s":{"0":4},"f":{},"b":{}}
,"/home/somil.kaushik/backend-training/src/utils/mockData.ts": {"path":"/home/somil.kaushik/backend-training/src/utils/mockData.ts","statementMap":{"0":{"start":{"line":1,"column":13},"end":{"line":3,"column":2}},"1":{"start":{"line":5,"column":0},"end":{"line":5,"column":20}}},"fnMap":{},"branchMap":{},"s":{"0":4,"1":4},"f":{},"b":{}}
,"/home/somil.kaushik/backend-training/src/utils/userSchema.ts": {"path":"/home/somil.kaushik/backend-training/src/utils/userSchema.ts","statementMap":{"0":{"start":{"line":1,"column":0},"end":{"line":1,"column":22}},"1":{"start":{"line":3,"column":13},"end":{"line":7,"column":3}},"2":{"start":{"line":9,"column":13},"end":{"line":12,"column":3}},"3":{"start":{"line":14,"column":13},"end":{"line":17,"column":3}}},"fnMap":{},"branchMap":{},"s":{"0":4,"1":4,"2":4,"3":4},"f":{},"b":{}}
}
