TN:
SF:src/app.ts
FN:32,(anonymous_8)
FN:15,(anonymous_9)
FN:23,(anonymous_10)
FN:27,(anonymous_11)
FN:41,(anonymous_12)
FN:41,(anonymous_13)
FN:43,(anonymous_14)
FNF:7
FNH:7
FNDA:4,(anonymous_8)
FNDA:4,(anonymous_9)
FNDA:4,(anonymous_10)
FNDA:4,(anonymous_11)
FNDA:1,(anonymous_12)
FNDA:1,(anonymous_13)
FNDA:1,(anonymous_14)
DA:1,4
DA:2,4
DA:3,4
DA:4,4
DA:5,4
DA:6,4
DA:7,4
DA:8,4
DA:9,4
DA:12,4
DA:15,4
DA:16,4
DA:17,4
DA:18,4
DA:19,4
DA:20,4
DA:23,4
DA:24,4
DA:27,4
DA:28,4
DA:33,4
DA:34,4
DA:35,4
DA:36,4
DA:37,4
DA:38,4
DA:41,4
DA:42,1
DA:43,1
DA:44,1
DA:49,4
LF:31
LH:31
BRF:0
BRH:0
end_of_record
TN:
SF:src/swaggerConfig.ts
FNF:0
FNH:0
DA:1,4
DA:3,4
DA:21,4
DA:23,4
LF:4
LH:4
BRF:0
BRH:0
end_of_record
TN:
SF:src/Modules/Blogs/Controller.ts
FN:17,(anonymous_8)
FN:20,(anonymous_9)
FN:20,(anonymous_10)
FN:41,(anonymous_11)
FN:41,(anonymous_12)
FN:60,(anonymous_13)
FN:60,(anonymous_14)
FN:84,(anonymous_15)
FN:84,(anonymous_16)
FN:115,(anonymous_17)
FN:115,(anonymous_18)
FN:127,(anonymous_19)
FN:127,(anonymous_20)
FN:153,(anonymous_21)
FN:153,(anonymous_22)
FN:165,(anonymous_23)
FN:165,(anonymous_24)
FN:178,(anonymous_25)
FN:178,(anonymous_26)
FN:190,transformRowData
FN:216,(anonymous_28)
FN:216,(anonymous_29)
FN:246,(anonymous_30)
FN:246,(anonymous_31)
FN:292,(anonymous_32)
FN:292,(anonymous_33)
FN:296,(anonymous_34)
FN:296,(anonymous_35)
FN:306,(anonymous_36)
FN:310,(anonymous_37)
FN:334,(anonymous_38)
FN:337,(anonymous_39)
FN:361,(anonymous_40)
FN:364,(anonymous_41)
FNF:34
FNH:32
FNDA:4,(anonymous_8)
FNDA:1,(anonymous_9)
FNDA:1,(anonymous_10)
FNDA:2,(anonymous_11)
FNDA:2,(anonymous_12)
FNDA:2,(anonymous_13)
FNDA:2,(anonymous_14)
FNDA:2,(anonymous_15)
FNDA:2,(anonymous_16)
FNDA:1,(anonymous_17)
FNDA:1,(anonymous_18)
FNDA:2,(anonymous_19)
FNDA:2,(anonymous_20)
FNDA:1,(anonymous_21)
FNDA:1,(anonymous_22)
FNDA:1,(anonymous_23)
FNDA:1,(anonymous_24)
FNDA:1,(anonymous_25)
FNDA:1,(anonymous_26)
FNDA:100,transformRowData
FNDA:1,(anonymous_28)
FNDA:1,(anonymous_29)
FNDA:100,(anonymous_30)
FNDA:100,(anonymous_31)
FNDA:1,(anonymous_32)
FNDA:1,(anonymous_33)
FNDA:0,(anonymous_34)
FNDA:0,(anonymous_35)
FNDA:2,(anonymous_36)
FNDA:2,(anonymous_37)
FNDA:2,(anonymous_38)
FNDA:2,(anonymous_39)
FNDA:1,(anonymous_40)
FNDA:1,(anonymous_41)
DA:2,4
DA:3,4
DA:4,4
DA:7,4
DA:8,4
DA:9,4
DA:10,4
DA:11,4
DA:12,4
DA:13,4
DA:18,4
DA:20,4
DA:21,1
DA:22,1
DA:23,1
DA:24,1
DA:26,1
DA:27,1
DA:28,1
DA:37,0
DA:41,4
DA:42,2
DA:43,2
DA:44,2
DA:45,1
DA:46,1
DA:56,1
DA:60,4
DA:61,2
DA:62,2
DA:63,2
DA:64,1
DA:73,1
DA:84,4
DA:85,2
DA:86,2
DA:87,2
DA:88,2
DA:89,2
DA:91,2
DA:93,2
DA:98,1
DA:99,1
DA:108,0
DA:111,1
DA:115,4
DA:116,1
DA:117,1
DA:118,1
DA:119,1
DA:120,1
DA:124,0
DA:127,4
DA:128,2
DA:129,2
DA:130,2
DA:131,2
DA:132,2
DA:134,2
DA:135,2
DA:136,1
DA:137,1
DA:146,0
DA:149,1
DA:153,4
DA:154,1
DA:155,1
DA:156,1
DA:157,1
DA:161,0
DA:165,4
DA:166,1
DA:167,1
DA:168,1
DA:169,1
DA:170,1
DA:174,0
DA:178,4
DA:179,1
DA:180,1
DA:182,1
DA:183,1
DA:184,1
DA:185,1
DA:186,1
DA:187,1
DA:188,1
DA:191,100
DA:193,100
DA:194,1400
DA:196,1400
DA:198,1400
DA:199,700
DA:200,700
DA:203,1400
DA:206,100
DA:209,1
DA:210,0
DA:213,1
DA:214,1
DA:216,1
DA:217,1
DA:218,1
DA:219,1
DA:222,1
DA:223,1
DA:224,1
DA:227,1
DA:228,1
DA:235,1
DA:241,1
DA:246,100
DA:247,100
DA:248,100
DA:249,100
DA:251,100
DA:255,100
DA:256,2
DA:257,2
DA:263,2
DA:269,2
DA:270,0
DA:271,0
DA:274,0
DA:275,0
DA:278,98
DA:284,98
DA:285,0
DA:286,0
DA:287,0
DA:288,0
DA:292,1
DA:293,1
DA:294,1
DA:296,0
DA:297,0
DA:298,0
DA:302,0
DA:306,4
DA:310,2
DA:311,2
DA:312,2
DA:313,2
DA:314,2
DA:315,2
DA:316,2
DA:317,1
DA:318,1
DA:327,0
DA:330,1
DA:334,4
DA:337,2
DA:338,2
DA:339,2
DA:340,2
DA:341,2
DA:342,2
DA:343,2
DA:344,1
DA:345,1
DA:354,0
DA:357,1
DA:361,4
DA:364,1
DA:365,1
DA:367,1
DA:370,4
LF:167
LH:146
BRDA:22,0,0,1
BRDA:22,0,1,0
BRDA:22,1,0,1
BRDA:22,1,1,0
BRDA:23,2,0,1
BRDA:23,2,1,0
BRDA:27,3,0,1
BRDA:27,3,1,0
BRDA:45,4,0,1
BRDA:87,5,0,2
BRDA:87,5,1,0
BRDA:87,6,0,2
BRDA:87,6,1,0
BRDA:88,7,0,2
BRDA:88,7,1,0
BRDA:98,8,0,1
BRDA:98,8,1,0
BRDA:119,9,0,1
BRDA:119,9,1,0
BRDA:130,10,0,2
BRDA:130,10,1,0
BRDA:130,11,0,2
BRDA:130,11,1,0
BRDA:131,12,0,2
BRDA:131,12,1,0
BRDA:136,13,0,1
BRDA:136,13,1,0
BRDA:156,14,0,1
BRDA:156,14,1,0
BRDA:169,15,0,1
BRDA:169,15,1,0
BRDA:199,16,0,700
BRDA:199,16,1,200
BRDA:209,17,0,0
BRDA:217,18,0,1
BRDA:222,19,0,1
BRDA:255,20,0,2
BRDA:255,20,1,98
BRDA:269,21,0,0
BRDA:284,22,0,0
BRDA:312,23,0,0
BRDA:312,23,1,2
BRDA:312,24,0,0
BRDA:312,24,1,0
BRDA:313,25,0,0
BRDA:313,25,1,2
BRDA:317,26,0,1
BRDA:317,26,1,0
BRDA:339,27,0,0
BRDA:339,27,1,2
BRDA:339,28,0,0
BRDA:339,28,1,0
BRDA:340,29,0,0
BRDA:340,29,1,2
BRDA:344,30,0,1
BRDA:344,30,1,0
BRF:56
BRH:28
end_of_record
TN:
SF:src/Modules/Blogs/Service.ts
FN:6,(anonymous_8)
FN:9,(anonymous_9)
FN:9,(anonymous_10)
FN:12,(anonymous_11)
FN:12,(anonymous_12)
FN:15,(anonymous_13)
FN:15,(anonymous_14)
FN:19,(anonymous_15)
FN:23,(anonymous_16)
FN:26,(anonymous_17)
FN:26,(anonymous_18)
FN:30,(anonymous_19)
FN:30,(anonymous_20)
FN:34,(anonymous_21)
FN:34,(anonymous_22)
FN:38,(anonymous_23)
FN:38,(anonymous_24)
FN:41,(anonymous_25)
FN:41,(anonymous_26)
FN:45,(anonymous_27)
FN:45,(anonymous_28)
FN:49,(anonymous_29)
FN:49,(anonymous_30)
FNF:23
FNH:21
FNDA:4,(anonymous_8)
FNDA:1,(anonymous_9)
FNDA:1,(anonymous_10)
FNDA:2,(anonymous_11)
FNDA:2,(anonymous_12)
FNDA:2,(anonymous_13)
FNDA:2,(anonymous_14)
FNDA:2,(anonymous_15)
FNDA:2,(anonymous_16)
FNDA:1,(anonymous_17)
FNDA:1,(anonymous_18)
FNDA:2,(anonymous_19)
FNDA:2,(anonymous_20)
FNDA:0,(anonymous_21)
FNDA:0,(anonymous_22)
FNDA:1,(anonymous_23)
FNDA:1,(anonymous_24)
FNDA:1,(anonymous_25)
FNDA:1,(anonymous_26)
FNDA:2,(anonymous_27)
FNDA:2,(anonymous_28)
FNDA:2,(anonymous_29)
FNDA:2,(anonymous_30)
DA:2,4
DA:7,4
DA:9,4
DA:10,1
DA:12,4
DA:13,2
DA:15,4
DA:16,2
DA:19,4
DA:23,2
DA:24,2
DA:26,4
DA:27,1
DA:30,4
DA:31,2
DA:34,4
DA:35,0
DA:38,4
DA:39,1
DA:41,4
DA:42,1
DA:45,4
DA:46,2
DA:49,4
DA:50,2
DA:53,4
LF:26
LH:25
BRF:0
BRH:0
end_of_record
TN:
SF:src/Modules/Blogs/routes.ts
FNF:0
FNH:0
DA:1,4
DA:2,4
DA:3,4
DA:6,4
DA:7,4
DA:21,4
DA:23,4
DA:56,4
DA:82,4
DA:108,4
DA:134,4
DA:160,4
DA:194,4
DA:196,4
DA:198,4
DA:212,4
DA:225,4
DA:246,4
DA:248,4
LF:19
LH:19
BRF:0
BRH:0
end_of_record
TN:
SF:src/Modules/Blogs/validation.ts
FNF:0
FNH:0
DA:1,4
DA:3,4
LF:2
LH:2
BRF:0
BRH:0
end_of_record
TN:
SF:src/Modules/Blogs/repositories/BulkErrorModel.ts
FNF:0
FNH:0
DA:1,4
DA:5,4
DA:14,4
DA:19,4
LF:4
LH:4
BRF:0
BRH:0
end_of_record
TN:
SF:src/Modules/Blogs/repositories/BulkUploadModel.ts
FNF:0
FNH:0
DA:1,4
DA:5,4
DA:15,4
DA:17,4
LF:4
LH:4
BRF:0
BRH:0
end_of_record
TN:
SF:src/Modules/Blogs/repositories/Repository.ts
FN:12,(anonymous_8)
FN:16,(anonymous_9)
FN:16,(anonymous_10)
FN:20,(anonymous_11)
FN:24,(anonymous_12)
FN:31,(anonymous_13)
FN:34,(anonymous_14)
FN:39,(anonymous_15)
FN:39,(anonymous_16)
FN:54,(anonymous_17)
FN:54,(anonymous_18)
FN:58,(anonymous_19)
FN:61,(anonymous_20)
FN:65,(anonymous_21)
FN:68,(anonymous_22)
FNF:15
FNH:13
FNDA:4,(anonymous_8)
FNDA:2,(anonymous_9)
FNDA:2,(anonymous_10)
FNDA:2,(anonymous_11)
FNDA:2,(anonymous_12)
FNDA:1,(anonymous_13)
FNDA:1,(anonymous_14)
FNDA:2,(anonymous_15)
FNDA:2,(anonymous_16)
FNDA:0,(anonymous_17)
FNDA:0,(anonymous_18)
FNDA:2,(anonymous_19)
FNDA:2,(anonymous_20)
FNDA:2,(anonymous_21)
FNDA:2,(anonymous_22)
DA:1,4
DA:3,4
DA:4,4
DA:6,4
DA:13,4
DA:16,4
DA:17,2
DA:20,4
DA:24,2
DA:25,2
DA:31,4
DA:34,1
DA:35,1
DA:36,1
DA:39,4
DA:40,2
DA:54,4
DA:55,0
DA:58,4
DA:61,2
DA:62,2
DA:65,4
DA:68,2
DA:69,2
DA:72,4
LF:25
LH:24
BRF:0
BRH:0
end_of_record
TN:
SF:src/Modules/Blogs/repositories/Schema.ts
FNF:0
FNH:0
DA:1,4
DA:4,4
DA:43,4
DA:45,4
LF:4
LH:4
BRF:0
BRH:0
end_of_record
TN:
SF:src/Modules/Users/Controller.ts
FN:8,(anonymous_8)
FN:11,(anonymous_9)
FN:11,(anonymous_10)
FN:25,(anonymous_11)
FN:25,(anonymous_12)
FN:31,(anonymous_13)
FN:31,(anonymous_14)
FN:37,(anonymous_15)
FN:37,(anonymous_16)
FN:43,(anonymous_17)
FN:43,(anonymous_18)
FN:49,(anonymous_19)
FN:49,(anonymous_20)
FN:68,(anonymous_21)
FN:68,(anonymous_22)
FNF:15
FNH:15
FNDA:4,(anonymous_8)
FNDA:2,(anonymous_9)
FNDA:2,(anonymous_10)
FNDA:1,(anonymous_11)
FNDA:1,(anonymous_12)
FNDA:1,(anonymous_13)
FNDA:1,(anonymous_14)
FNDA:1,(anonymous_15)
FNDA:1,(anonymous_16)
FNDA:1,(anonymous_17)
FNDA:1,(anonymous_18)
FNDA:2,(anonymous_19)
FNDA:2,(anonymous_20)
FNDA:1,(anonymous_21)
FNDA:1,(anonymous_22)
DA:2,4
DA:6,4
DA:9,4
DA:11,4
DA:12,2
DA:13,2
DA:14,2
DA:15,2
DA:16,2
DA:18,2
DA:19,1
DA:21,1
DA:25,4
DA:26,1
DA:27,1
DA:28,1
DA:31,4
DA:32,1
DA:33,1
DA:34,1
DA:37,4
DA:38,1
DA:39,1
DA:40,1
DA:43,4
DA:44,1
DA:45,1
DA:46,1
DA:49,4
DA:50,2
DA:51,2
DA:52,2
DA:53,2
DA:54,2
DA:55,2
DA:61,0
DA:64,0
DA:68,4
DA:69,1
DA:70,1
DA:71,1
DA:72,1
DA:75,4
LF:43
LH:41
BRDA:14,0,0,1
BRDA:14,0,1,1
BRDA:14,1,0,1
BRDA:14,1,1,1
BRDA:15,2,0,1
BRDA:15,2,1,1
BRDA:53,3,0,2
BRDA:53,3,1,0
BRDA:54,4,0,0
BRDA:54,4,1,2
BRDA:54,5,0,2
BRDA:54,5,1,2
BRF:12
BRH:10
end_of_record
TN:
SF:src/Modules/Users/Service.ts
FN:8,(anonymous_8)
FN:12,(anonymous_9)
FN:12,(anonymous_10)
FN:17,(anonymous_11)
FN:17,(anonymous_12)
FN:21,(anonymous_13)
FN:21,(anonymous_14)
FN:25,(anonymous_15)
FN:25,(anonymous_16)
FN:29,(anonymous_17)
FN:29,(anonymous_18)
FN:33,(anonymous_19)
FN:33,(anonymous_20)
FNF:13
FNH:13
FNDA:4,(anonymous_8)
FNDA:1,(anonymous_9)
FNDA:1,(anonymous_10)
FNDA:2,(anonymous_11)
FNDA:2,(anonymous_12)
FNDA:1,(anonymous_13)
FNDA:1,(anonymous_14)
FNDA:3,(anonymous_15)
FNDA:3,(anonymous_16)
FNDA:1,(anonymous_17)
FNDA:1,(anonymous_18)
FNDA:1,(anonymous_19)
FNDA:1,(anonymous_20)
DA:2,4
DA:3,4
DA:9,4
DA:12,4
DA:13,1
DA:14,1
DA:17,4
DA:18,2
DA:21,4
DA:22,1
DA:25,4
DA:26,3
DA:29,4
DA:30,1
DA:33,4
DA:34,1
DA:39,4
LF:17
LH:17
BRF:0
BRH:0
end_of_record
TN:
SF:src/Modules/Users/routes.ts
FNF:0
FNH:0
DA:1,4
DA:3,4
DA:5,4
DA:7,4
DA:21,4
DA:24,4
DA:55,4
DA:83,4
DA:111,4
DA:112,4
DA:145,4
DA:147,4
LF:12
LH:12
BRF:0
BRH:0
end_of_record
TN:
SF:src/Modules/Users/validation.ts
FN:3,(anonymous_1)
FNF:1
FNH:1
FNDA:4,(anonymous_1)
DA:1,4
DA:4,4
DA:12,4
LF:3
LH:3
BRF:0
BRH:0
end_of_record
TN:
SF:src/Modules/Users/repositories/Repository.ts
FN:6,(anonymous_8)
FN:9,(anonymous_9)
FN:9,(anonymous_10)
FN:13,(anonymous_11)
FN:13,(anonymous_12)
FN:17,(anonymous_13)
FN:17,(anonymous_14)
FNF:7
FNH:7
FNDA:4,(anonymous_8)
FNDA:1,(anonymous_9)
FNDA:1,(anonymous_10)
FNDA:3,(anonymous_11)
FNDA:3,(anonymous_12)
FNDA:1,(anonymous_13)
FNDA:1,(anonymous_14)
DA:1,4
DA:3,4
DA:7,4
DA:9,4
DA:10,1
DA:13,4
DA:14,3
DA:17,4
DA:18,1
DA:21,4
LF:10
LH:10
BRF:0
BRH:0
end_of_record
TN:
SF:src/Modules/Users/repositories/Schema.ts
FNF:0
FNH:0
DA:1,4
DA:4,4
DA:12,4
DA:14,4
LF:4
LH:4
BRF:0
BRH:0
end_of_record
TN:
SF:src/controllers/asyncController.ts
FN:3,(anonymous_7)
FN:4,(anonymous_8)
FN:4,(anonymous_9)
FN:5,(anonymous_10)
FN:6,(anonymous_11)
FNF:5
FNH:5
FNDA:4,(anonymous_7)
FNDA:1,(anonymous_8)
FNDA:1,(anonymous_9)
FNDA:1,(anonymous_10)
FNDA:1,(anonymous_11)
DA:4,4
DA:5,1
DA:6,1
DA:7,1
DA:11,1
DA:12,1
DA:13,1
DA:14,1
DA:16,0
DA:21,4
LF:10
LH:9
BRF:0
BRH:0
end_of_record
TN:
SF:src/controllers/dataController.ts
FN:4,(anonymous_1)
FN:5,(anonymous_2)
FN:10,(anonymous_3)
FNF:3
FNH:3
FNDA:8,(anonymous_1)
FNDA:1,(anonymous_2)
FNDA:1,(anonymous_3)
DA:2,4
DA:5,8
DA:7,1
DA:10,8
DA:11,1
DA:12,1
DA:13,1
DA:17,4
LF:8
LH:8
BRF:0
BRH:0
end_of_record
TN:
SF:src/controllers/healthCheckController.ts
FN:3,(anonymous_0)
FN:4,(anonymous_1)
FNF:2
FNH:2
FNDA:4,(anonymous_0)
FNDA:1,(anonymous_1)
DA:4,4
DA:5,1
DA:8,4
LF:3
LH:3
BRF:0
BRH:0
end_of_record
TN:
SF:src/controllers/loginController.ts
FN:3,(anonymous_0)
FN:4,(anonymous_1)
FNF:2
FNH:2
FNDA:4,(anonymous_0)
FNDA:1,(anonymous_1)
DA:4,4
DA:5,1
DA:8,4
LF:3
LH:3
BRF:0
BRH:0
end_of_record
TN:
SF:src/controllers/registerController.ts
FN:3,(anonymous_0)
FN:4,(anonymous_1)
FNF:2
FNH:2
FNDA:4,(anonymous_0)
FNDA:1,(anonymous_1)
DA:4,4
DA:5,1
DA:8,4
LF:3
LH:3
BRF:0
BRH:0
end_of_record
TN:
SF:src/libs/databaseConnection.ts
FN:4,(anonymous_8)
FN:5,(anonymous_9)
FN:5,(anonymous_10)
FN:15,(anonymous_11)
FN:15,(anonymous_12)
FNF:5
FNH:5
FNDA:4,(anonymous_8)
FNDA:22,(anonymous_9)
FNDA:22,(anonymous_10)
FNDA:4,(anonymous_11)
FNDA:4,(anonymous_12)
DA:1,4
DA:2,4
DA:5,22
DA:6,22
DA:7,22
DA:9,22
DA:11,0
DA:15,4
DA:16,4
DA:17,4
DA:20,0
DA:24,4
LF:12
LH:10
BRF:0
BRH:0
end_of_record
TN:
SF:src/libs/base/BaseRepo.ts
FN:6,(anonymous_7)
FN:10,(anonymous_8)
FN:13,(anonymous_9)
FN:17,(anonymous_10)
FN:17,(anonymous_11)
FN:22,(anonymous_12)
FN:22,(anonymous_13)
FN:27,(anonymous_14)
FN:30,(anonymous_15)
FNF:9
FNH:9
FNDA:8,(anonymous_7)
FNDA:3,(anonymous_8)
FNDA:3,(anonymous_9)
FNDA:3,(anonymous_10)
FNDA:3,(anonymous_11)
FNDA:1,(anonymous_12)
FNDA:1,(anonymous_13)
FNDA:2,(anonymous_14)
FNDA:2,(anonymous_15)
DA:7,8
DA:10,8
DA:13,3
DA:14,3
DA:17,8
DA:18,3
DA:19,2
DA:22,8
DA:23,1
DA:24,1
DA:27,8
DA:30,2
DA:31,2
DA:32,2
DA:35,4
LF:15
LH:15
BRF:0
BRH:0
end_of_record
TN:
SF:src/libs/config/SystemResponse.ts
FN:8,(anonymous_0)
FN:15,(anonymous_1)
FN:21,(anonymous_2)
FNF:3
FNH:3
FNDA:12,(anonymous_0)
FNDA:10,(anonymous_1)
FNDA:2,(anonymous_2)
DA:9,12
DA:10,12
DA:11,12
DA:12,12
DA:16,10
DA:17,10
DA:18,10
DA:22,2
DA:23,2
DA:24,2
DA:28,4
LF:11
LH:11
BRF:0
BRH:0
end_of_record
TN:
SF:src/middleware/customHeaderMiddleware.ts
FN:6,(anonymous_1)
FN:9,(anonymous_2)
FNF:2
FNH:2
FNDA:4,(anonymous_1)
FNDA:1,(anonymous_2)
DA:2,4
DA:7,4
DA:9,4
DA:14,1
DA:15,0
DA:17,1
DA:18,1
DA:22,4
LF:8
LH:7
BRDA:14,0,0,0
BRF:1
BRH:0
end_of_record
TN:
SF:src/middleware/customLogsMiddleware.ts
FN:3,(anonymous_0)
FN:4,(anonymous_1)
FNF:2
FNH:2
FNDA:4,(anonymous_0)
FNDA:1,(anonymous_1)
DA:4,4
DA:9,1
DA:12,1
DA:15,4
LF:4
LH:4
BRF:0
BRH:0
end_of_record
TN:
SF:src/middleware/dynamicValidationMiddleware.ts
FN:7,(anonymous_1)
FN:8,(anonymous_2)
FNF:2
FNH:2
FNDA:4,(anonymous_1)
FNDA:1,(anonymous_2)
DA:1,4
DA:4,4
DA:5,4
DA:8,4
DA:13,1
DA:14,1
DA:16,1
DA:17,0
DA:18,1
DA:19,1
DA:20,0
DA:21,0
DA:23,0
DA:25,1
DA:26,0
DA:27,0
DA:29,1
DA:33,4
LF:18
LH:12
BRDA:16,0,0,0
BRDA:16,0,1,1
BRDA:18,1,0,1
BRDA:18,1,1,0
BRDA:20,2,0,0
BRDA:20,2,1,0
BRDA:25,3,0,0
BRDA:25,3,1,1
BRF:8
BRH:3
end_of_record
TN:
SF:src/middleware/errorHandlingMiddleware.ts
FN:4,(anonymous_0)
FN:5,(anonymous_1)
FNF:2
FNH:1
FNDA:4,(anonymous_0)
FNDA:0,(anonymous_1)
DA:5,4
DA:10,0
DA:13,4
LF:3
LH:2
BRF:0
BRH:0
end_of_record
TN:
SF:src/middleware/limitingReqMiddleware.ts
FN:3,(anonymous_0)
FN:4,(anonymous_1)
FNF:2
FNH:2
FNDA:4,(anonymous_0)
FNDA:1,(anonymous_1)
DA:4,4
DA:9,1
DA:10,1
DA:12,1
DA:13,1
DA:14,1
DA:15,1
DA:17,0
DA:18,0
DA:20,1
DA:21,1
DA:22,1
DA:23,0
DA:24,0
DA:26,0
DA:30,4
LF:16
LH:11
BRDA:13,0,0,1
BRDA:13,0,1,0
BRDA:18,1,0,0
BRDA:20,2,0,1
BRDA:20,2,1,0
BRDA:20,3,0,1
BRDA:20,3,1,1
BRDA:23,4,0,0
BRDA:23,4,1,0
BRF:9
BRH:4
end_of_record
TN:
SF:src/middleware/validationMiddleware.ts
FN:4,(anonymous_0)
FN:5,(anonymous_1)
FNF:2
FNH:2
FNDA:4,(anonymous_0)
FNDA:1,(anonymous_1)
DA:1,4
DA:5,4
DA:10,1
DA:11,1
DA:12,1
DA:13,0
DA:14,0
DA:17,1
DA:20,4
LF:9
LH:7
BRDA:12,0,0,0
BRF:1
BRH:0
end_of_record
TN:
SF:src/routes/dataRoutes.ts
FN:38,(anonymous_1)
FN:16,(anonymous_2)
FN:42,(anonymous_3)
FNF:3
FNH:3
FNDA:4,(anonymous_1)
FNDA:4,(anonymous_2)
FNDA:4,(anonymous_3)
DA:1,4
DA:2,4
DA:3,4
DA:4,4
DA:5,4
DA:6,4
DA:7,4
DA:8,4
DA:9,4
DA:10,4
DA:11,4
DA:14,4
DA:16,4
DA:17,4
DA:19,4
DA:28,4
DA:29,4
DA:34,4
DA:35,4
DA:39,4
DA:42,4
DA:43,4
DA:46,4
LF:23
LH:23
BRF:0
BRH:0
end_of_record
TN:
SF:src/utils/config.ts
FNF:0
FNH:0
DA:1,4
LF:1
LH:1
BRF:0
BRH:0
end_of_record
TN:
SF:src/utils/mockData.ts
FNF:0
FNH:0
DA:1,4
DA:5,4
LF:2
LH:2
BRF:0
BRH:0
end_of_record
TN:
SF:src/utils/userSchema.ts
FNF:0
FNH:0
DA:1,4
DA:3,4
DA:9,4
DA:14,4
LF:4
LH:4
BRF:0
BRH:0
end_of_record
