TN:
SF:src/app.ts
FN:32,(anonymous_8)
FN:15,(anonymous_9)
FN:23,(anonymous_10)
FN:27,(anonymous_11)
FN:41,(anonymous_12)
FN:41,(anonymous_13)
FN:43,(anonymous_14)
FNF:7
FNH:7
FNDA:4,(anonymous_8)
FNDA:4,(anonymous_9)
FNDA:4,(anonymous_10)
FNDA:4,(anonymous_11)
FNDA:1,(anonymous_12)
FNDA:1,(anonymous_13)
FNDA:1,(anonymous_14)
DA:1,4
DA:2,4
DA:3,4
DA:4,4
DA:5,4
DA:6,4
DA:7,4
DA:8,4
DA:9,4
DA:12,4
DA:15,4
DA:16,4
DA:17,4
DA:18,4
DA:19,4
DA:20,4
DA:23,4
DA:24,4
DA:27,4
DA:28,4
DA:33,4
DA:34,4
DA:35,4
DA:36,4
DA:37,4
DA:38,4
DA:41,4
DA:42,1
DA:43,1
DA:44,1
DA:49,4
LF:31
LH:31
BRF:0
BRH:0
end_of_record
TN:
SF:src/swaggerConfig.ts
FNF:0
FNH:0
DA:1,4
DA:4,4
DA:23,4
DA:25,4
LF:4
LH:4
BRF:0
BRH:0
end_of_record
TN:
SF:src/Modules/Blogs/Controller.ts
FN:17,(anonymous_8)
FN:20,(anonymous_9)
FN:20,(anonymous_10)
FN:41,(anonymous_11)
FN:41,(anonymous_12)
FN:61,(anonymous_13)
FN:61,(anonymous_14)
FN:85,(anonymous_15)
FN:85,(anonymous_16)
FN:116,(anonymous_17)
FN:116,(anonymous_18)
FN:128,(anonymous_19)
FN:128,(anonymous_20)
FN:154,(anonymous_21)
FN:154,(anonymous_22)
FN:166,(anonymous_23)
FN:166,(anonymous_24)
FN:183,(anonymous_25)
FN:183,(anonymous_26)
FN:197,(anonymous_27)
FN:223,(anonymous_28)
FN:223,(anonymous_29)
FN:253,(anonymous_30)
FN:253,(anonymous_31)
FN:299,(anonymous_32)
FN:299,(anonymous_33)
FN:303,(anonymous_34)
FN:303,(anonymous_35)
FN:313,(anonymous_36)
FN:317,(anonymous_37)
FN:338,(anonymous_38)
FN:341,(anonymous_39)
FN:373,(anonymous_40)
FN:376,(anonymous_41)
FNF:34
FNH:26
FNDA:4,(anonymous_8)
FNDA:1,(anonymous_9)
FNDA:1,(anonymous_10)
FNDA:0,(anonymous_11)
FNDA:0,(anonymous_12)
FNDA:2,(anonymous_13)
FNDA:2,(anonymous_14)
FNDA:2,(anonymous_15)
FNDA:2,(anonymous_16)
FNDA:1,(anonymous_17)
FNDA:1,(anonymous_18)
FNDA:2,(anonymous_19)
FNDA:2,(anonymous_20)
FNDA:0,(anonymous_21)
FNDA:0,(anonymous_22)
FNDA:0,(anonymous_23)
FNDA:0,(anonymous_24)
FNDA:1,(anonymous_25)
FNDA:1,(anonymous_26)
FNDA:100,(anonymous_27)
FNDA:1,(anonymous_28)
FNDA:1,(anonymous_29)
FNDA:100,(anonymous_30)
FNDA:100,(anonymous_31)
FNDA:1,(anonymous_32)
FNDA:1,(anonymous_33)
FNDA:0,(anonymous_34)
FNDA:0,(anonymous_35)
FNDA:2,(anonymous_36)
FNDA:2,(anonymous_37)
FNDA:2,(anonymous_38)
FNDA:2,(anonymous_39)
FNDA:1,(anonymous_40)
FNDA:1,(anonymous_41)
DA:2,4
DA:3,4
DA:4,4
DA:7,4
DA:8,4
DA:9,4
DA:10,4
DA:11,4
DA:12,4
DA:13,4
DA:18,4
DA:20,4
DA:21,1
DA:22,1
DA:23,1
DA:24,1
DA:26,1
DA:27,1
DA:28,1
DA:37,0
DA:41,4
DA:42,0
DA:43,0
DA:45,0
DA:46,0
DA:47,0
DA:57,0
DA:61,4
DA:62,2
DA:63,2
DA:64,2
DA:65,1
DA:74,1
DA:85,4
DA:86,2
DA:87,2
DA:88,2
DA:89,2
DA:90,2
DA:92,2
DA:94,2
DA:99,1
DA:100,1
DA:109,0
DA:112,1
DA:116,4
DA:117,1
DA:118,1
DA:119,1
DA:120,1
DA:121,1
DA:125,0
DA:128,4
DA:129,2
DA:130,2
DA:131,2
DA:132,2
DA:133,2
DA:135,2
DA:136,2
DA:137,1
DA:138,1
DA:147,0
DA:150,1
DA:154,4
DA:155,0
DA:156,0
DA:157,0
DA:158,0
DA:162,0
DA:166,4
DA:167,0
DA:168,0
DA:169,0
DA:170,0
DA:171,0
DA:172,0
DA:176,0
DA:179,0
DA:183,4
DA:184,1
DA:185,1
DA:187,1
DA:188,1
DA:189,1
DA:190,1
DA:191,1
DA:193,1
DA:195,1
DA:197,1
DA:198,100
DA:200,100
DA:201,1400
DA:203,1400
DA:205,1400
DA:206,700
DA:207,700
DA:210,1400
DA:213,100
DA:216,1
DA:217,0
DA:220,1
DA:221,1
DA:223,1
DA:224,1
DA:225,1
DA:226,1
DA:229,1
DA:230,1
DA:231,1
DA:234,1
DA:235,1
DA:242,1
DA:248,1
DA:253,100
DA:254,100
DA:255,100
DA:256,100
DA:258,100
DA:262,100
DA:263,2
DA:264,2
DA:270,2
DA:276,2
DA:277,0
DA:278,0
DA:281,0
DA:282,0
DA:285,98
DA:291,98
DA:292,0
DA:293,0
DA:294,0
DA:295,0
DA:299,1
DA:300,1
DA:301,1
DA:303,0
DA:304,0
DA:305,0
DA:309,0
DA:313,4
DA:317,2
DA:318,2
DA:319,2
DA:321,1
DA:322,1
DA:331,0
DA:334,1
DA:338,4
DA:341,2
DA:342,2
DA:343,2
DA:344,2
DA:345,2
DA:346,2
DA:347,2
DA:348,2
DA:354,1
DA:355,0
DA:364,1
DA:369,1
DA:373,4
DA:376,1
DA:377,1
DA:379,1
DA:382,4
LF:167
LH:129
BRDA:22,0,0,1
BRDA:22,0,1,0
BRDA:22,1,0,1
BRDA:22,1,1,0
BRDA:23,2,0,1
BRDA:23,2,1,0
BRDA:27,3,0,1
BRDA:27,3,1,0
BRDA:46,4,0,0
BRDA:88,5,0,2
BRDA:88,5,1,0
BRDA:88,6,0,2
BRDA:88,6,1,0
BRDA:89,7,0,2
BRDA:89,7,1,0
BRDA:99,8,0,1
BRDA:99,8,1,0
BRDA:120,9,0,1
BRDA:120,9,1,0
BRDA:131,10,0,2
BRDA:131,10,1,0
BRDA:131,11,0,2
BRDA:131,11,1,0
BRDA:132,12,0,2
BRDA:132,12,1,0
BRDA:137,13,0,1
BRDA:137,13,1,0
BRDA:157,14,0,0
BRDA:157,14,1,0
BRDA:171,15,0,0
BRDA:171,15,1,0
BRDA:206,16,0,700
BRDA:206,16,1,200
BRDA:216,17,0,0
BRDA:224,18,0,1
BRDA:229,19,0,1
BRDA:262,20,0,2
BRDA:262,20,1,98
BRDA:276,21,0,0
BRDA:291,22,0,0
BRDA:321,23,0,1
BRDA:321,23,1,0
BRDA:344,24,0,0
BRDA:344,24,1,2
BRDA:344,25,0,0
BRDA:344,25,1,0
BRDA:345,26,0,0
BRDA:345,26,1,2
BRDA:354,27,0,0
BRDA:354,27,1,1
BRF:50
BRH:23
end_of_record
TN:
SF:src/Modules/Blogs/Service.ts
FN:6,(anonymous_8)
FN:9,(anonymous_9)
FN:9,(anonymous_10)
FN:12,(anonymous_11)
FN:12,(anonymous_12)
FN:15,(anonymous_13)
FN:15,(anonymous_14)
FN:19,(anonymous_15)
FN:23,(anonymous_16)
FN:26,(anonymous_17)
FN:26,(anonymous_18)
FN:30,(anonymous_19)
FN:30,(anonymous_20)
FN:40,(anonymous_21)
FN:40,(anonymous_22)
FN:43,(anonymous_23)
FN:43,(anonymous_24)
FN:47,(anonymous_25)
FN:47,(anonymous_26)
FN:51,(anonymous_27)
FN:51,(anonymous_28)
FNF:21
FNH:15
FNDA:4,(anonymous_8)
FNDA:1,(anonymous_9)
FNDA:1,(anonymous_10)
FNDA:0,(anonymous_11)
FNDA:0,(anonymous_12)
FNDA:2,(anonymous_13)
FNDA:2,(anonymous_14)
FNDA:2,(anonymous_15)
FNDA:2,(anonymous_16)
FNDA:1,(anonymous_17)
FNDA:1,(anonymous_18)
FNDA:2,(anonymous_19)
FNDA:2,(anonymous_20)
FNDA:0,(anonymous_21)
FNDA:0,(anonymous_22)
FNDA:0,(anonymous_23)
FNDA:0,(anonymous_24)
FNDA:2,(anonymous_25)
FNDA:2,(anonymous_26)
FNDA:2,(anonymous_27)
FNDA:2,(anonymous_28)
DA:2,4
DA:7,4
DA:9,4
DA:10,1
DA:12,4
DA:13,0
DA:15,4
DA:16,2
DA:19,4
DA:23,2
DA:24,2
DA:26,4
DA:27,1
DA:30,4
DA:31,2
DA:40,4
DA:41,0
DA:43,4
DA:44,0
DA:47,4
DA:48,2
DA:51,4
DA:52,2
DA:55,4
LF:24
LH:21
BRF:0
BRH:0
end_of_record
TN:
SF:src/Modules/Blogs/routes.ts
FNF:0
FNH:0
DA:1,4
DA:2,4
DA:3,4
DA:4,4
DA:5,4
DA:6,4
DA:20,4
DA:22,4
DA:55,4
DA:81,4
DA:107,4
DA:133,4
DA:159,4
DA:193,4
DA:195,4
DA:197,4
DA:211,4
DA:224,4
DA:245,4
DA:247,4
LF:20
LH:20
BRF:0
BRH:0
end_of_record
TN:
SF:src/Modules/Blogs/validation.ts
FNF:0
FNH:0
DA:1,4
DA:3,4
LF:2
LH:2
BRF:0
BRH:0
end_of_record
TN:
SF:src/Modules/Blogs/repositories/BulkErrorModel.ts
FNF:0
FNH:0
DA:1,4
DA:5,4
DA:14,4
DA:19,4
LF:4
LH:4
BRF:0
BRH:0
end_of_record
TN:
SF:src/Modules/Blogs/repositories/BulkUploadModel.ts
FNF:0
FNH:0
DA:1,4
DA:5,4
DA:15,4
DA:17,4
LF:4
LH:4
BRF:0
BRH:0
end_of_record
TN:
SF:src/Modules/Blogs/repositories/Repository.ts
FN:10,(anonymous_8)
FN:14,(anonymous_9)
FN:14,(anonymous_10)
FN:18,(anonymous_11)
FN:22,(anonymous_12)
FN:29,(anonymous_13)
FN:32,(anonymous_14)
FN:37,(anonymous_15)
FN:37,(anonymous_16)
FN:56,(anonymous_17)
FN:58,(anonymous_18)
FN:62,(anonymous_19)
FN:66,(anonymous_20)
FNF:13
FNH:13
FNDA:4,(anonymous_8)
FNDA:2,(anonymous_9)
FNDA:2,(anonymous_10)
FNDA:2,(anonymous_11)
FNDA:2,(anonymous_12)
FNDA:1,(anonymous_13)
FNDA:1,(anonymous_14)
FNDA:2,(anonymous_15)
FNDA:2,(anonymous_16)
FNDA:2,(anonymous_17)
FNDA:2,(anonymous_18)
FNDA:2,(anonymous_19)
FNDA:2,(anonymous_20)
DA:1,4
DA:3,4
DA:4,4
DA:6,4
DA:11,4
DA:14,4
DA:15,2
DA:18,4
DA:22,2
DA:23,2
DA:29,4
DA:32,1
DA:33,1
DA:34,1
DA:37,4
DA:38,2
DA:56,4
DA:58,2
DA:59,2
DA:62,4
DA:66,2
DA:67,2
DA:72,4
LF:23
LH:23
BRF:0
BRH:0
end_of_record
TN:
SF:src/Modules/Blogs/repositories/Schema.ts
FNF:0
FNH:0
DA:1,4
DA:4,4
DA:43,4
DA:45,4
LF:4
LH:4
BRF:0
BRH:0
end_of_record
TN:
SF:src/Modules/Users/Controller.ts
FN:8,(anonymous_8)
FN:11,(anonymous_9)
FN:11,(anonymous_10)
FN:25,(anonymous_11)
FN:25,(anonymous_12)
FN:31,(anonymous_13)
FN:31,(anonymous_14)
FN:37,(anonymous_15)
FN:37,(anonymous_16)
FN:43,(anonymous_17)
FN:43,(anonymous_18)
FN:49,(anonymous_19)
FN:49,(anonymous_20)
FN:75,(anonymous_21)
FN:75,(anonymous_22)
FNF:15
FNH:15
FNDA:4,(anonymous_8)
FNDA:2,(anonymous_9)
FNDA:2,(anonymous_10)
FNDA:1,(anonymous_11)
FNDA:1,(anonymous_12)
FNDA:1,(anonymous_13)
FNDA:1,(anonymous_14)
FNDA:1,(anonymous_15)
FNDA:1,(anonymous_16)
FNDA:1,(anonymous_17)
FNDA:1,(anonymous_18)
FNDA:2,(anonymous_19)
FNDA:2,(anonymous_20)
FNDA:1,(anonymous_21)
FNDA:1,(anonymous_22)
DA:2,4
DA:4,4
DA:5,4
DA:6,4
DA:9,4
DA:11,4
DA:12,2
DA:13,2
DA:14,2
DA:15,2
DA:16,2
DA:18,2
DA:19,1
DA:21,1
DA:25,4
DA:26,1
DA:27,1
DA:28,1
DA:31,4
DA:32,1
DA:33,1
DA:34,1
DA:37,4
DA:38,1
DA:39,1
DA:40,1
DA:43,4
DA:44,1
DA:45,1
DA:46,1
DA:49,4
DA:50,2
DA:51,2
DA:52,2
DA:54,2
DA:55,2
DA:60,2
DA:61,0
DA:65,0
DA:67,2
DA:71,2
DA:75,4
DA:76,1
DA:77,1
DA:78,1
DA:79,1
DA:82,4
LF:47
LH:45
BRDA:14,0,0,1
BRDA:14,0,1,1
BRDA:14,1,0,1
BRDA:14,1,1,1
BRDA:15,2,0,1
BRDA:15,2,1,1
BRDA:54,3,0,2
BRDA:60,4,0,0
BRDA:60,4,1,2
BRF:9
BRH:8
end_of_record
TN:
SF:src/Modules/Users/Service.ts
FN:8,(anonymous_8)
FN:12,(anonymous_9)
FN:12,(anonymous_10)
FN:17,(anonymous_11)
FN:17,(anonymous_12)
FN:21,(anonymous_13)
FN:21,(anonymous_14)
FN:25,(anonymous_15)
FN:25,(anonymous_16)
FN:29,(anonymous_17)
FN:29,(anonymous_18)
FN:33,(anonymous_19)
FN:33,(anonymous_20)
FNF:13
FNH:13
FNDA:4,(anonymous_8)
FNDA:1,(anonymous_9)
FNDA:1,(anonymous_10)
FNDA:2,(anonymous_11)
FNDA:2,(anonymous_12)
FNDA:1,(anonymous_13)
FNDA:1,(anonymous_14)
FNDA:3,(anonymous_15)
FNDA:3,(anonymous_16)
FNDA:1,(anonymous_17)
FNDA:1,(anonymous_18)
FNDA:1,(anonymous_19)
FNDA:1,(anonymous_20)
DA:2,4
DA:3,4
DA:9,4
DA:12,4
DA:13,1
DA:14,1
DA:17,4
DA:18,2
DA:21,4
DA:22,1
DA:25,4
DA:26,3
DA:29,4
DA:30,1
DA:33,4
DA:34,1
DA:39,4
LF:17
LH:17
BRF:0
BRH:0
end_of_record
TN:
SF:src/Modules/Users/routes.ts
FNF:0
FNH:0
DA:1,4
DA:2,4
DA:5,4
DA:7,4
DA:21,4
DA:24,4
DA:55,4
DA:83,4
DA:111,4
DA:112,4
DA:145,4
DA:147,4
LF:12
LH:12
BRF:0
BRH:0
end_of_record
TN:
SF:src/Modules/Users/validation.ts
FN:3,(anonymous_1)
FNF:1
FNH:1
FNDA:4,(anonymous_1)
DA:1,4
DA:4,4
DA:12,4
LF:3
LH:3
BRF:0
BRH:0
end_of_record
TN:
SF:src/Modules/Users/repositories/Repository.ts
FN:6,(anonymous_8)
FN:9,(anonymous_9)
FN:9,(anonymous_10)
FN:13,(anonymous_11)
FN:13,(anonymous_12)
FN:17,(anonymous_13)
FN:17,(anonymous_14)
FNF:7
FNH:7
FNDA:8,(anonymous_8)
FNDA:1,(anonymous_9)
FNDA:1,(anonymous_10)
FNDA:3,(anonymous_11)
FNDA:3,(anonymous_12)
FNDA:1,(anonymous_13)
FNDA:1,(anonymous_14)
DA:1,4
DA:3,4
DA:7,8
DA:9,8
DA:10,1
DA:13,8
DA:14,3
DA:17,8
DA:18,1
DA:21,4
LF:10
LH:10
BRF:0
BRH:0
end_of_record
TN:
SF:src/Modules/Users/repositories/Schema.ts
FNF:0
FNH:0
DA:1,4
DA:4,4
DA:12,4
DA:14,4
LF:4
LH:4
BRF:0
BRH:0
end_of_record
TN:
SF:src/controllers/asyncController.ts
FN:3,(anonymous_7)
FN:4,(anonymous_8)
FN:4,(anonymous_9)
FN:5,(anonymous_10)
FN:6,(anonymous_11)
FNF:5
FNH:5
FNDA:4,(anonymous_7)
FNDA:1,(anonymous_8)
FNDA:1,(anonymous_9)
FNDA:1,(anonymous_10)
FNDA:1,(anonymous_11)
DA:4,4
DA:5,1
DA:6,1
DA:7,1
DA:11,1
DA:12,1
DA:13,1
DA:14,1
DA:16,0
DA:21,4
LF:10
LH:9
BRF:0
BRH:0
end_of_record
TN:
SF:src/controllers/dataController.ts
FN:4,(anonymous_1)
FN:5,(anonymous_2)
FN:9,(anonymous_3)
FNF:3
FNH:3
FNDA:8,(anonymous_1)
FNDA:1,(anonymous_2)
FNDA:1,(anonymous_3)
DA:2,4
DA:5,8
DA:6,1
DA:9,8
DA:10,1
DA:11,1
DA:12,1
DA:16,4
LF:8
LH:8
BRF:0
BRH:0
end_of_record
TN:
SF:src/controllers/healthCheckController.ts
FN:3,(anonymous_0)
FN:4,(anonymous_1)
FNF:2
FNH:2
FNDA:4,(anonymous_0)
FNDA:1,(anonymous_1)
DA:4,4
DA:5,1
DA:8,4
LF:3
LH:3
BRF:0
BRH:0
end_of_record
TN:
SF:src/controllers/loginController.ts
FN:3,(anonymous_0)
FN:4,(anonymous_1)
FNF:2
FNH:2
FNDA:4,(anonymous_0)
FNDA:1,(anonymous_1)
DA:4,4
DA:5,1
DA:8,4
LF:3
LH:3
BRF:0
BRH:0
end_of_record
TN:
SF:src/controllers/registerController.ts
FN:3,(anonymous_0)
FN:4,(anonymous_1)
FNF:2
FNH:2
FNDA:4,(anonymous_0)
FNDA:1,(anonymous_1)
DA:4,4
DA:5,1
DA:8,4
LF:3
LH:3
BRF:0
BRH:0
end_of_record
TN:
SF:src/libs/databaseConnection.ts
FN:4,(anonymous_8)
FN:5,(anonymous_9)
FN:5,(anonymous_10)
FN:15,(anonymous_11)
FN:15,(anonymous_12)
FNF:5
FNH:5
FNDA:4,(anonymous_8)
FNDA:22,(anonymous_9)
FNDA:22,(anonymous_10)
FNDA:4,(anonymous_11)
FNDA:4,(anonymous_12)
DA:1,4
DA:2,4
DA:5,22
DA:6,22
DA:7,22
DA:9,22
DA:11,0
DA:15,4
DA:16,4
DA:17,4
DA:20,0
DA:24,4
LF:12
LH:10
BRF:0
BRH:0
end_of_record
TN:
SF:src/libs/base/BaseRepo.ts
FN:6,(anonymous_7)
FN:10,(anonymous_8)
FN:13,(anonymous_9)
FN:17,(anonymous_10)
FN:17,(anonymous_11)
FN:22,(anonymous_12)
FN:22,(anonymous_13)
FN:27,(anonymous_14)
FN:30,(anonymous_15)
FNF:9
FNH:7
FNDA:12,(anonymous_7)
FNDA:3,(anonymous_8)
FNDA:3,(anonymous_9)
FNDA:1,(anonymous_10)
FNDA:1,(anonymous_11)
FNDA:0,(anonymous_12)
FNDA:0,(anonymous_13)
FNDA:1,(anonymous_14)
FNDA:1,(anonymous_15)
DA:7,12
DA:10,12
DA:13,3
DA:14,3
DA:17,12
DA:18,1
DA:19,1
DA:22,12
DA:23,0
DA:24,0
DA:27,12
DA:30,1
DA:31,1
DA:32,1
DA:35,4
LF:15
LH:13
BRF:0
BRH:0
end_of_record
TN:
SF:src/libs/config/SystemResponse.ts
FN:8,(anonymous_0)
FN:15,(anonymous_1)
FN:21,(anonymous_2)
FNF:3
FNH:3
FNDA:9,(anonymous_0)
FNDA:7,(anonymous_1)
FNDA:2,(anonymous_2)
DA:9,9
DA:10,9
DA:11,9
DA:12,9
DA:16,7
DA:17,7
DA:18,7
DA:22,2
DA:23,2
DA:24,2
DA:28,4
LF:11
LH:11
BRF:0
BRH:0
end_of_record
TN:
SF:src/middleware/authMiddleware.ts
FN:9,(anonymous_8)
FN:11,(anonymous_9)
FN:15,(anonymous_10)
FNF:3
FNH:3
FNDA:4,(anonymous_8)
FNDA:4,(anonymous_9)
FNDA:4,(anonymous_10)
DA:1,4
DA:3,4
DA:4,4
DA:6,4
DA:10,4
DA:11,4
DA:15,4
DA:16,4
DA:18,4
DA:20,4
DA:21,4
DA:23,0
DA:25,0
DA:26,0
DA:27,0
DA:28,0
DA:31,0
DA:34,0
DA:38,4
LF:19
LH:12
BRDA:20,0,0,4
BRDA:20,0,1,0
BRDA:23,1,0,0
BRDA:23,1,1,0
BRDA:23,2,0,0
BRDA:23,2,1,0
BRDA:27,3,0,0
BRF:7
BRH:1
end_of_record
TN:
SF:src/middleware/customHeaderMiddleware.ts
FN:6,(anonymous_1)
FN:9,(anonymous_2)
FNF:2
FNH:2
FNDA:4,(anonymous_1)
FNDA:1,(anonymous_2)
DA:2,4
DA:7,4
DA:9,4
DA:14,1
DA:15,0
DA:17,1
DA:18,1
DA:22,4
LF:8
LH:7
BRDA:14,0,0,0
BRF:1
BRH:0
end_of_record
TN:
SF:src/middleware/customLogsMiddleware.ts
FN:3,(anonymous_0)
FN:4,(anonymous_1)
FNF:2
FNH:2
FNDA:4,(anonymous_0)
FNDA:1,(anonymous_1)
DA:4,4
DA:9,1
DA:12,1
DA:15,4
LF:4
LH:4
BRF:0
BRH:0
end_of_record
TN:
SF:src/middleware/dynamicValidationMiddleware.ts
FN:7,(anonymous_1)
FN:8,(anonymous_2)
FNF:2
FNH:2
FNDA:4,(anonymous_1)
FNDA:1,(anonymous_2)
DA:1,4
DA:4,4
DA:5,4
DA:8,4
DA:13,1
DA:14,1
DA:16,1
DA:17,0
DA:18,1
DA:19,1
DA:20,0
DA:21,0
DA:23,0
DA:25,1
DA:26,0
DA:27,0
DA:29,1
DA:33,4
LF:18
LH:12
BRDA:16,0,0,0
BRDA:16,0,1,1
BRDA:18,1,0,1
BRDA:18,1,1,0
BRDA:20,2,0,0
BRDA:20,2,1,0
BRDA:25,3,0,0
BRDA:25,3,1,1
BRF:8
BRH:3
end_of_record
TN:
SF:src/middleware/errorHandlingMiddleware.ts
FN:4,(anonymous_0)
FN:5,(anonymous_1)
FNF:2
FNH:1
FNDA:4,(anonymous_0)
FNDA:0,(anonymous_1)
DA:5,4
DA:10,0
DA:13,4
LF:3
LH:2
BRF:0
BRH:0
end_of_record
TN:
SF:src/middleware/limitingReqMiddleware.ts
FN:3,(anonymous_0)
FN:4,(anonymous_1)
FNF:2
FNH:2
FNDA:4,(anonymous_0)
FNDA:1,(anonymous_1)
DA:4,4
DA:9,1
DA:10,1
DA:12,1
DA:13,1
DA:14,1
DA:15,1
DA:17,0
DA:18,0
DA:20,1
DA:21,1
DA:22,1
DA:23,0
DA:24,0
DA:26,0
DA:30,4
LF:16
LH:11
BRDA:13,0,0,1
BRDA:13,0,1,0
BRDA:18,1,0,0
BRDA:20,2,0,1
BRDA:20,2,1,0
BRDA:20,3,0,1
BRDA:20,3,1,1
BRDA:23,4,0,0
BRDA:23,4,1,0
BRF:9
BRH:4
end_of_record
TN:
SF:src/middleware/validationMiddleware.ts
FN:4,(anonymous_0)
FN:5,(anonymous_1)
FNF:2
FNH:2
FNDA:4,(anonymous_0)
FNDA:1,(anonymous_1)
DA:1,4
DA:5,4
DA:10,1
DA:11,1
DA:12,1
DA:13,0
DA:14,0
DA:17,1
DA:20,4
LF:9
LH:7
BRDA:12,0,0,0
BRF:1
BRH:0
end_of_record
TN:
SF:src/routes/dataRoutes.ts
FN:39,(anonymous_1)
FN:17,(anonymous_2)
FN:43,(anonymous_3)
FNF:3
FNH:3
FNDA:4,(anonymous_1)
FNDA:4,(anonymous_2)
FNDA:4,(anonymous_3)
DA:1,4
DA:2,4
DA:3,4
DA:4,4
DA:5,4
DA:6,4
DA:7,4
DA:8,4
DA:9,4
DA:10,4
DA:12,4
DA:15,4
DA:17,4
DA:18,4
DA:20,4
DA:29,4
DA:30,4
DA:35,4
DA:36,4
DA:40,4
DA:43,4
DA:44,4
DA:47,4
LF:23
LH:23
BRF:0
BRH:0
end_of_record
TN:
SF:src/utils/config.ts
FNF:0
FNH:0
DA:1,4
LF:1
LH:1
BRF:0
BRH:0
end_of_record
TN:
SF:src/utils/mockData.ts
FNF:0
FNH:0
DA:1,4
DA:5,4
LF:2
LH:2
BRF:0
BRH:0
end_of_record
TN:
SF:src/utils/userSchema.ts
FNF:0
FNH:0
DA:1,4
DA:3,4
DA:9,4
DA:14,4
LF:4
LH:4
BRF:0
BRH:0
end_of_record
